;  LST file generated by mikroListExporter - v.2.0 
; Date/Time: 20/09/2019 11:50:01
;----------------------------------------------

;Address Opcode 	ASM
0x0000	0x292C      	GOTO       300
_Delay_50us:
;__Lib_Delays.c,19 :: 		void Delay_50us() {
;__Lib_Delays.c,20 :: 		Delay_us(50);
0x0003	0x3021      	MOVLW      33
0x0004	0x1283      	BCF        STATUS, 5
0x0005	0x00CD      	MOVWF      R13
L_Delay_50us2:
0x0006	0x0BCD      	DECFSZ     R13, 1
0x0007	0x2806      	GOTO       L_Delay_50us2
;__Lib_Delays.c,21 :: 		}
L_end_Delay_50us:
0x0008	0x0008      	RETURN
; end of _Delay_50us
_Delay_5500us:
;__Lib_Delays.c,31 :: 		void Delay_5500us() {
;__Lib_Delays.c,32 :: 		Delay_us(5500);
0x0009	0x300F      	MOVLW      15
0x000A	0x1283      	BCF        STATUS, 5
0x000B	0x00CC      	MOVWF      R12
0x000C	0x3047      	MOVLW      71
0x000D	0x00CD      	MOVWF      R13
L_Delay_5500us5:
0x000E	0x0BCD      	DECFSZ     R13, 1
0x000F	0x280E      	GOTO       L_Delay_5500us5
0x0010	0x0BCC      	DECFSZ     R12, 1
0x0011	0x280E      	GOTO       L_Delay_5500us5
0x0012	0x0000      	NOP
0x0013	0x0000      	NOP
;__Lib_Delays.c,33 :: 		}
L_end_Delay_5500us:
0x0014	0x0008      	RETURN
; end of _Delay_5500us
_Delay_1us:
;__Lib_Delays.c,7 :: 		void Delay_1us() {
;__Lib_Delays.c,8 :: 		Delay_us(1);
0x0015	0x0000      	NOP
0x0016	0x0000      	NOP
;__Lib_Delays.c,9 :: 		}
L_end_Delay_1us:
0x0017	0x0008      	RETURN
; end of _Delay_1us
_Lcd_Cmd:
;__Lib_Lcd.c,18 :: 		
;__Lib_Lcd.c,20 :: 		
0x0018	0x1283      	BCF        STATUS, 5
0x0019	0x1BB8      	BTFSC      FARG_Lcd_Cmd_out_char, 7
0x001A	0x281D      	GOTO       L__Lcd_Cmd21
0x001B	0x1306      	BCF        LCD_D7, BitPos(LCD_D7+0)
0x001C	0x281E      	GOTO       L__Lcd_Cmd22
L__Lcd_Cmd21:
0x001D	0x1706      	BSF        LCD_D7, BitPos(LCD_D7+0)
L__Lcd_Cmd22:
;__Lib_Lcd.c,21 :: 		
0x001E	0x1B38      	BTFSC      FARG_Lcd_Cmd_out_char, 6
0x001F	0x2822      	GOTO       L__Lcd_Cmd23
0x0020	0x1286      	BCF        LCD_D6, BitPos(LCD_D6+0)
0x0021	0x2823      	GOTO       L__Lcd_Cmd24
L__Lcd_Cmd23:
0x0022	0x1686      	BSF        LCD_D6, BitPos(LCD_D6+0)
L__Lcd_Cmd24:
;__Lib_Lcd.c,22 :: 		
0x0023	0x1AB8      	BTFSC      FARG_Lcd_Cmd_out_char, 5
0x0024	0x2827      	GOTO       L__Lcd_Cmd25
0x0025	0x1206      	BCF        LCD_D5, BitPos(LCD_D5+0)
0x0026	0x2828      	GOTO       L__Lcd_Cmd26
L__Lcd_Cmd25:
0x0027	0x1606      	BSF        LCD_D5, BitPos(LCD_D5+0)
L__Lcd_Cmd26:
;__Lib_Lcd.c,23 :: 		
0x0028	0x1A38      	BTFSC      FARG_Lcd_Cmd_out_char, 4
0x0029	0x282C      	GOTO       L__Lcd_Cmd27
0x002A	0x1186      	BCF        LCD_D4, BitPos(LCD_D4+0)
0x002B	0x282D      	GOTO       L__Lcd_Cmd28
L__Lcd_Cmd27:
0x002C	0x1586      	BSF        LCD_D4, BitPos(LCD_D4+0)
L__Lcd_Cmd28:
;__Lib_Lcd.c,25 :: 		
0x002D	0x1831      	BTFSC      __Lib_Lcd_cmd_status, BitPos(__Lib_Lcd_cmd_status+0)
0x002E	0x2831      	GOTO       L__Lcd_Cmd29
0x002F	0x1486      	BSF        LCD_RS, BitPos(LCD_RS+0)
0x0030	0x2832      	GOTO       L__Lcd_Cmd30
L__Lcd_Cmd29:
0x0031	0x1086      	BCF        LCD_RS, BitPos(LCD_RS+0)
L__Lcd_Cmd30:
;__Lib_Lcd.c,28 :: 		
0x0032	0x1506      	BSF        LCD_EN, BitPos(LCD_EN+0)
;__Lib_Lcd.c,29 :: 		
0x0033	0x2015      	CALL       _Delay_1us
;__Lib_Lcd.c,30 :: 		
0x0034	0x1106      	BCF        LCD_EN, BitPos(LCD_EN+0)
;__Lib_Lcd.c,33 :: 		
0x0035	0x19B8      	BTFSC      FARG_Lcd_Cmd_out_char, 3
0x0036	0x2839      	GOTO       L__Lcd_Cmd31
0x0037	0x1306      	BCF        LCD_D7, BitPos(LCD_D7+0)
0x0038	0x283A      	GOTO       L__Lcd_Cmd32
L__Lcd_Cmd31:
0x0039	0x1706      	BSF        LCD_D7, BitPos(LCD_D7+0)
L__Lcd_Cmd32:
;__Lib_Lcd.c,34 :: 		
0x003A	0x1938      	BTFSC      FARG_Lcd_Cmd_out_char, 2
0x003B	0x283E      	GOTO       L__Lcd_Cmd33
0x003C	0x1286      	BCF        LCD_D6, BitPos(LCD_D6+0)
0x003D	0x283F      	GOTO       L__Lcd_Cmd34
L__Lcd_Cmd33:
0x003E	0x1686      	BSF        LCD_D6, BitPos(LCD_D6+0)
L__Lcd_Cmd34:
;__Lib_Lcd.c,35 :: 		
0x003F	0x18B8      	BTFSC      FARG_Lcd_Cmd_out_char, 1
0x0040	0x2843      	GOTO       L__Lcd_Cmd35
0x0041	0x1206      	BCF        LCD_D5, BitPos(LCD_D5+0)
0x0042	0x2844      	GOTO       L__Lcd_Cmd36
L__Lcd_Cmd35:
0x0043	0x1606      	BSF        LCD_D5, BitPos(LCD_D5+0)
L__Lcd_Cmd36:
;__Lib_Lcd.c,36 :: 		
0x0044	0x1838      	BTFSC      FARG_Lcd_Cmd_out_char, 0
0x0045	0x2848      	GOTO       L__Lcd_Cmd37
0x0046	0x1186      	BCF        LCD_D4, BitPos(LCD_D4+0)
0x0047	0x2849      	GOTO       L__Lcd_Cmd38
L__Lcd_Cmd37:
0x0048	0x1586      	BSF        LCD_D4, BitPos(LCD_D4+0)
L__Lcd_Cmd38:
;__Lib_Lcd.c,38 :: 		
0x0049	0x1831      	BTFSC      __Lib_Lcd_cmd_status, BitPos(__Lib_Lcd_cmd_status+0)
0x004A	0x284D      	GOTO       L__Lcd_Cmd39
0x004B	0x1486      	BSF        LCD_RS, BitPos(LCD_RS+0)
0x004C	0x284E      	GOTO       L__Lcd_Cmd40
L__Lcd_Cmd39:
0x004D	0x1086      	BCF        LCD_RS, BitPos(LCD_RS+0)
L__Lcd_Cmd40:
;__Lib_Lcd.c,40 :: 		
0x004E	0x1506      	BSF        LCD_EN, BitPos(LCD_EN+0)
;__Lib_Lcd.c,41 :: 		
0x004F	0x2015      	CALL       _Delay_1us
;__Lib_Lcd.c,42 :: 		
0x0050	0x1106      	BCF        LCD_EN, BitPos(LCD_EN+0)
;__Lib_Lcd.c,44 :: 		
0x0051	0x1C31      	BTFSS      __Lib_Lcd_cmd_status, BitPos(__Lib_Lcd_cmd_status+0)
0x0052	0x2855      	GOTO       L_Lcd_Cmd0
;__Lib_Lcd.c,45 :: 		
0x0053	0x2009      	CALL       _Delay_5500us
0x0054	0x2856      	GOTO       L_Lcd_Cmd1
L_Lcd_Cmd0:
;__Lib_Lcd.c,47 :: 		
0x0055	0x2003      	CALL       _Delay_50us
L_Lcd_Cmd1:
;__Lib_Lcd.c,48 :: 		
L_end_Lcd_Cmd:
0x0056	0x0008      	RETURN
; end of _Lcd_Cmd
_____DoICP:
;__Lib_System.c,6 :: 		
;__Lib_System.c,9 :: 		
0x0057	0x1283      	BCF        STATUS, 5
0x0058	0x0830      	MOVF       ___DoICPAddr+1, 0
0x0059	0x008A      	MOVWF      PCLATH
;__Lib_System.c,10 :: 		
0x005A	0x082F      	MOVF       ___DoICPAddr, 0
0x005B	0x0082      	MOVWF      PCL
;__Lib_System.c,12 :: 		
L_end_____DoICP:
0x005C	0x0008      	RETURN
; end of _____DoICP
_Lcd_Chr_CP:
;__Lib_Lcd.c,50 :: 		
;__Lib_Lcd.c,52 :: 		
0x005D	0x1283      	BCF        STATUS, 5
0x005E	0x1031      	BCF        __Lib_Lcd_cmd_status, BitPos(__Lib_Lcd_cmd_status+0)
;__Lib_Lcd.c,53 :: 		
0x005F	0x0837      	MOVF       FARG_Lcd_Chr_CP_out_char, 0
0x0060	0x00B8      	MOVWF      FARG_Lcd_Cmd_out_char
0x0061	0x2018      	CALL       _Lcd_Cmd
;__Lib_Lcd.c,54 :: 		
0x0062	0x1431      	BSF        __Lib_Lcd_cmd_status, BitPos(__Lib_Lcd_cmd_status+0)
;__Lib_Lcd.c,55 :: 		
L_end_Lcd_Chr_CP:
0x0063	0x0008      	RETURN
; end of _Lcd_Chr_CP
_Lcd_Out:
;__Lib_Lcd.c,184 :: 		
;__Lib_Lcd.c,187 :: 		
0x0064	0x2875      	GOTO       L_Lcd_Out11
;__Lib_Lcd.c,188 :: 		
L_Lcd_Out13:
0x0065	0x3080      	MOVLW      128
0x0066	0x1283      	BCF        STATUS, 5
0x0067	0x00B3      	MOVWF      FARG_Lcd_Out_row
0x0068	0x2886      	GOTO       L_Lcd_Out12
;__Lib_Lcd.c,189 :: 		
L_Lcd_Out14:
0x0069	0x30C0      	MOVLW      192
0x006A	0x00B3      	MOVWF      FARG_Lcd_Out_row
0x006B	0x2886      	GOTO       L_Lcd_Out12
;__Lib_Lcd.c,190 :: 		
L_Lcd_Out15:
0x006C	0x3094      	MOVLW      148
0x006D	0x00B3      	MOVWF      FARG_Lcd_Out_row
0x006E	0x2886      	GOTO       L_Lcd_Out12
;__Lib_Lcd.c,191 :: 		
L_Lcd_Out16:
0x006F	0x30D4      	MOVLW      212
0x0070	0x00B3      	MOVWF      FARG_Lcd_Out_row
0x0071	0x2886      	GOTO       L_Lcd_Out12
;__Lib_Lcd.c,192 :: 		
L_Lcd_Out17:
0x0072	0x3080      	MOVLW      128
0x0073	0x00B3      	MOVWF      FARG_Lcd_Out_row
;__Lib_Lcd.c,193 :: 		
0x0074	0x2886      	GOTO       L_Lcd_Out12
L_Lcd_Out11:
0x0075	0x0833      	MOVF       FARG_Lcd_Out_row, 0
0x0076	0x3A01      	XORLW      1
0x0077	0x1903      	BTFSC      STATUS, 2
0x0078	0x2865      	GOTO       L_Lcd_Out13
0x0079	0x0833      	MOVF       FARG_Lcd_Out_row, 0
0x007A	0x3A02      	XORLW      2
0x007B	0x1903      	BTFSC      STATUS, 2
0x007C	0x2869      	GOTO       L_Lcd_Out14
0x007D	0x0833      	MOVF       FARG_Lcd_Out_row, 0
0x007E	0x3A03      	XORLW      3
0x007F	0x1903      	BTFSC      STATUS, 2
0x0080	0x286C      	GOTO       L_Lcd_Out15
0x0081	0x0833      	MOVF       FARG_Lcd_Out_row, 0
0x0082	0x3A04      	XORLW      4
0x0083	0x1903      	BTFSC      STATUS, 2
0x0084	0x286F      	GOTO       L_Lcd_Out16
0x0085	0x2872      	GOTO       L_Lcd_Out17
L_Lcd_Out12:
;__Lib_Lcd.c,194 :: 		
0x0086	0x0334      	DECF       FARG_Lcd_Out_column, 0
0x0087	0x00C0      	MOVWF      R0
0x0088	0x0833      	MOVF       FARG_Lcd_Out_row, 0
0x0089	0x07C0      	ADDWF      R0, 1
0x008A	0x0840      	MOVF       R0, 0
0x008B	0x00B3      	MOVWF      FARG_Lcd_Out_row
;__Lib_Lcd.c,196 :: 		
0x008C	0x0840      	MOVF       R0, 0
0x008D	0x00B8      	MOVWF      FARG_Lcd_Cmd_out_char
0x008E	0x2018      	CALL       _Lcd_Cmd
;__Lib_Lcd.c,197 :: 		
0x008F	0x1031      	BCF        __Lib_Lcd_cmd_status, BitPos(__Lib_Lcd_cmd_status+0)
;__Lib_Lcd.c,198 :: 		
0x0090	0x01B6      	CLRF       Lcd_Out_i_L0
;__Lib_Lcd.c,199 :: 		
L_Lcd_Out18:
0x0091	0x0836      	MOVF       Lcd_Out_i_L0, 0
0x0092	0x0735      	ADDWF      FARG_Lcd_Out_text, 0
0x0093	0x0084      	MOVWF      FSR
0x0094	0x0800      	MOVF       INDF, 0
0x0095	0x1903      	BTFSC      STATUS, 2
0x0096	0x289F      	GOTO       L_Lcd_Out19
;__Lib_Lcd.c,200 :: 		
0x0097	0x0836      	MOVF       Lcd_Out_i_L0, 0
0x0098	0x0735      	ADDWF      FARG_Lcd_Out_text, 0
0x0099	0x0084      	MOVWF      FSR
0x009A	0x0800      	MOVF       INDF, 0
0x009B	0x00B7      	MOVWF      FARG_Lcd_Chr_CP_out_char
0x009C	0x205D      	CALL       _Lcd_Chr_CP
0x009D	0x0AB6      	INCF       Lcd_Out_i_L0, 1
0x009E	0x2891      	GOTO       L_Lcd_Out18
L_Lcd_Out19:
;__Lib_Lcd.c,201 :: 		
0x009F	0x1431      	BSF        __Lib_Lcd_cmd_status, BitPos(__Lib_Lcd_cmd_status+0)
;__Lib_Lcd.c,202 :: 		
L_end_Lcd_Out:
0x00A0	0x0008      	RETURN
; end of _Lcd_Out
_Lcd_Chr:
;__Lib_Lcd.c,65 :: 		
;__Lib_Lcd.c,66 :: 		
0x00A1	0x28B2      	GOTO       L_Lcd_Chr4
;__Lib_Lcd.c,67 :: 		
L_Lcd_Chr6:
0x00A2	0x3080      	MOVLW      128
0x00A3	0x1283      	BCF        STATUS, 5
0x00A4	0x00B3      	MOVWF      FARG_Lcd_Chr_row
0x00A5	0x28C3      	GOTO       L_Lcd_Chr5
;__Lib_Lcd.c,68 :: 		
L_Lcd_Chr7:
0x00A6	0x30C0      	MOVLW      192
0x00A7	0x00B3      	MOVWF      FARG_Lcd_Chr_row
0x00A8	0x28C3      	GOTO       L_Lcd_Chr5
;__Lib_Lcd.c,69 :: 		
L_Lcd_Chr8:
0x00A9	0x3094      	MOVLW      148
0x00AA	0x00B3      	MOVWF      FARG_Lcd_Chr_row
0x00AB	0x28C3      	GOTO       L_Lcd_Chr5
;__Lib_Lcd.c,70 :: 		
L_Lcd_Chr9:
0x00AC	0x30D4      	MOVLW      212
0x00AD	0x00B3      	MOVWF      FARG_Lcd_Chr_row
0x00AE	0x28C3      	GOTO       L_Lcd_Chr5
;__Lib_Lcd.c,71 :: 		
L_Lcd_Chr10:
0x00AF	0x3080      	MOVLW      128
0x00B0	0x00B3      	MOVWF      FARG_Lcd_Chr_row
;__Lib_Lcd.c,72 :: 		
0x00B1	0x28C3      	GOTO       L_Lcd_Chr5
L_Lcd_Chr4:
0x00B2	0x0833      	MOVF       FARG_Lcd_Chr_row, 0
0x00B3	0x3A01      	XORLW      1
0x00B4	0x1903      	BTFSC      STATUS, 2
0x00B5	0x28A2      	GOTO       L_Lcd_Chr6
0x00B6	0x0833      	MOVF       FARG_Lcd_Chr_row, 0
0x00B7	0x3A02      	XORLW      2
0x00B8	0x1903      	BTFSC      STATUS, 2
0x00B9	0x28A6      	GOTO       L_Lcd_Chr7
0x00BA	0x0833      	MOVF       FARG_Lcd_Chr_row, 0
0x00BB	0x3A03      	XORLW      3
0x00BC	0x1903      	BTFSC      STATUS, 2
0x00BD	0x28A9      	GOTO       L_Lcd_Chr8
0x00BE	0x0833      	MOVF       FARG_Lcd_Chr_row, 0
0x00BF	0x3A04      	XORLW      4
0x00C0	0x1903      	BTFSC      STATUS, 2
0x00C1	0x28AC      	GOTO       L_Lcd_Chr9
0x00C2	0x28AF      	GOTO       L_Lcd_Chr10
L_Lcd_Chr5:
;__Lib_Lcd.c,74 :: 		
0x00C3	0x0334      	DECF       FARG_Lcd_Chr_column, 0
0x00C4	0x00C0      	MOVWF      R0
0x00C5	0x0833      	MOVF       FARG_Lcd_Chr_row, 0
0x00C6	0x07C0      	ADDWF      R0, 1
0x00C7	0x0840      	MOVF       R0, 0
0x00C8	0x00B3      	MOVWF      FARG_Lcd_Chr_row
;__Lib_Lcd.c,76 :: 		
0x00C9	0x1431      	BSF        __Lib_Lcd_cmd_status, BitPos(__Lib_Lcd_cmd_status+0)
;__Lib_Lcd.c,77 :: 		
0x00CA	0x0840      	MOVF       R0, 0
0x00CB	0x00B8      	MOVWF      FARG_Lcd_Cmd_out_char
0x00CC	0x2018      	CALL       _Lcd_Cmd
;__Lib_Lcd.c,79 :: 		
0x00CD	0x1031      	BCF        __Lib_Lcd_cmd_status, BitPos(__Lib_Lcd_cmd_status+0)
;__Lib_Lcd.c,80 :: 		
0x00CE	0x0835      	MOVF       FARG_Lcd_Chr_out_char, 0
0x00CF	0x00B8      	MOVWF      FARG_Lcd_Cmd_out_char
0x00D0	0x2018      	CALL       _Lcd_Cmd
;__Lib_Lcd.c,81 :: 		
0x00D1	0x1431      	BSF        __Lib_Lcd_cmd_status, BitPos(__Lib_Lcd_cmd_status+0)
;__Lib_Lcd.c,82 :: 		
L_end_Lcd_Chr:
0x00D2	0x0008      	RETURN
; end of _Lcd_Chr
___CC2DW:
;__Lib_System.c,134 :: 		
;__Lib_System.c,137 :: 		
_CC2D_Loop1:
;__Lib_System.c,139 :: 		
0x00D3	0x2057      	CALL       _____DoICP
0x00D4	0x118A      	BCF        PCLATH, 3
0x00D5	0x120A      	BCF        PCLATH, 4
;__Lib_System.c,141 :: 		
0x00D6	0x0080      	MOVWF      INDF
;__Lib_System.c,142 :: 		
0x00D7	0x0A84      	INCF       FSR, 1
;__Lib_System.c,143 :: 		
0x00D8	0x0AAF      	INCF       ___DoICPAddr, 1
;__Lib_System.c,145 :: 		
0x00D9	0x1903      	BTFSC      STATUS, 2
;__Lib_System.c,146 :: 		
0x00DA	0x0AB0      	INCF       ___DoICPAddr+1, 1
;__Lib_System.c,147 :: 		
0x00DB	0x03C0      	DECF       R0, 1
;__Lib_System.c,149 :: 		
0x00DC	0x1D03      	BTFSS      STATUS, 2
;__Lib_System.c,150 :: 		
0x00DD	0x28D3      	GOTO       _CC2D_Loop1
;__Lib_System.c,152 :: 		
L_end___CC2DW:
0x00DE	0x0008      	RETURN
; end of ___CC2DW
_Lcd_Init:
;__Lib_Lcd.c,84 :: 		
;__Lib_Lcd.c,86 :: 		
0x00DF	0x1683      	BSF        STATUS, 5
0x00E0	0x1106      	BCF        LCD_EN_Direction, BitPos(LCD_EN_Direction+0)
;__Lib_Lcd.c,87 :: 		
0x00E1	0x1086      	BCF        LCD_RS_Direction, BitPos(LCD_RS_Direction+0)
;__Lib_Lcd.c,88 :: 		
0x00E2	0x1186      	BCF        LCD_D4_Direction, BitPos(LCD_D4_Direction+0)
;__Lib_Lcd.c,89 :: 		
0x00E3	0x1206      	BCF        LCD_D5_Direction, BitPos(LCD_D5_Direction+0)
;__Lib_Lcd.c,90 :: 		
0x00E4	0x1286      	BCF        LCD_D6_Direction, BitPos(LCD_D6_Direction+0)
;__Lib_Lcd.c,91 :: 		
0x00E5	0x1306      	BCF        LCD_D7_Direction, BitPos(LCD_D7_Direction+0)
;__Lib_Lcd.c,93 :: 		
0x00E6	0x1283      	BCF        STATUS, 5
0x00E7	0x1106      	BCF        LCD_EN, BitPos(LCD_EN+0)
;__Lib_Lcd.c,94 :: 		
0x00E8	0x1086      	BCF        LCD_RS, BitPos(LCD_RS+0)
;__Lib_Lcd.c,95 :: 		
0x00E9	0x1306      	BCF        LCD_D7, BitPos(LCD_D7+0)
;__Lib_Lcd.c,96 :: 		
0x00EA	0x1286      	BCF        LCD_D6, BitPos(LCD_D6+0)
;__Lib_Lcd.c,97 :: 		
0x00EB	0x1206      	BCF        LCD_D5, BitPos(LCD_D5+0)
;__Lib_Lcd.c,98 :: 		
0x00EC	0x1186      	BCF        LCD_D4, BitPos(LCD_D4+0)
;__Lib_Lcd.c,100 :: 		
0x00ED	0x2009      	CALL       _Delay_5500us
;__Lib_Lcd.c,101 :: 		
0x00EE	0x2009      	CALL       _Delay_5500us
;__Lib_Lcd.c,102 :: 		
0x00EF	0x2009      	CALL       _Delay_5500us
;__Lib_Lcd.c,105 :: 		
0x00F0	0x1606      	BSF        LCD_D5, BitPos(LCD_D5+0)
;__Lib_Lcd.c,106 :: 		
0x00F1	0x1586      	BSF        LCD_D4, BitPos(LCD_D4+0)
;__Lib_Lcd.c,107 :: 		
0x00F2	0x1506      	BSF        LCD_EN, BitPos(LCD_EN+0)
;__Lib_Lcd.c,108 :: 		
0x00F3	0x2015      	CALL       _Delay_1us
;__Lib_Lcd.c,109 :: 		
0x00F4	0x1106      	BCF        LCD_EN, BitPos(LCD_EN+0)
;__Lib_Lcd.c,110 :: 		
0x00F5	0x2009      	CALL       _Delay_5500us
;__Lib_Lcd.c,112 :: 		
0x00F6	0x1506      	BSF        LCD_EN, BitPos(LCD_EN+0)
;__Lib_Lcd.c,113 :: 		
0x00F7	0x2015      	CALL       _Delay_1us
;__Lib_Lcd.c,114 :: 		
0x00F8	0x1106      	BCF        LCD_EN, BitPos(LCD_EN+0)
;__Lib_Lcd.c,115 :: 		
0x00F9	0x2009      	CALL       _Delay_5500us
;__Lib_Lcd.c,117 :: 		
0x00FA	0x1506      	BSF        LCD_EN, BitPos(LCD_EN+0)
;__Lib_Lcd.c,118 :: 		
0x00FB	0x2015      	CALL       _Delay_1us
;__Lib_Lcd.c,119 :: 		
0x00FC	0x1106      	BCF        LCD_EN, BitPos(LCD_EN+0)
;__Lib_Lcd.c,120 :: 		
0x00FD	0x2009      	CALL       _Delay_5500us
;__Lib_Lcd.c,123 :: 		
0x00FE	0x1186      	BCF        LCD_D4, BitPos(LCD_D4+0)
;__Lib_Lcd.c,124 :: 		
0x00FF	0x1506      	BSF        LCD_EN, BitPos(LCD_EN+0)
;__Lib_Lcd.c,125 :: 		
0x0100	0x2015      	CALL       _Delay_1us
;__Lib_Lcd.c,126 :: 		
0x0101	0x1106      	BCF        LCD_EN, BitPos(LCD_EN+0)
;__Lib_Lcd.c,127 :: 		
0x0102	0x2009      	CALL       _Delay_5500us
;__Lib_Lcd.c,130 :: 		
0x0103	0x1506      	BSF        LCD_EN, BitPos(LCD_EN+0)
;__Lib_Lcd.c,131 :: 		
0x0104	0x2015      	CALL       _Delay_1us
;__Lib_Lcd.c,132 :: 		
0x0105	0x1106      	BCF        LCD_EN, BitPos(LCD_EN+0)
;__Lib_Lcd.c,134 :: 		
0x0106	0x1206      	BCF        LCD_D5, BitPos(LCD_D5+0)
;__Lib_Lcd.c,135 :: 		
0x0107	0x1706      	BSF        LCD_D7, BitPos(LCD_D7+0)
;__Lib_Lcd.c,136 :: 		
0x0108	0x1506      	BSF        LCD_EN, BitPos(LCD_EN+0)
;__Lib_Lcd.c,137 :: 		
0x0109	0x2015      	CALL       _Delay_1us
;__Lib_Lcd.c,138 :: 		
0x010A	0x1106      	BCF        LCD_EN, BitPos(LCD_EN+0)
;__Lib_Lcd.c,139 :: 		
0x010B	0x2009      	CALL       _Delay_5500us
;__Lib_Lcd.c,142 :: 		
0x010C	0x1306      	BCF        LCD_D7, BitPos(LCD_D7+0)
;__Lib_Lcd.c,143 :: 		
0x010D	0x1586      	BSF        LCD_D4, BitPos(LCD_D4+0)
;__Lib_Lcd.c,144 :: 		
0x010E	0x1506      	BSF        LCD_EN, BitPos(LCD_EN+0)
;__Lib_Lcd.c,145 :: 		
0x010F	0x2015      	CALL       _Delay_1us
;__Lib_Lcd.c,146 :: 		
0x0110	0x1106      	BCF        LCD_EN, BitPos(LCD_EN+0)
;__Lib_Lcd.c,148 :: 		
0x0111	0x1186      	BCF        LCD_D4, BitPos(LCD_D4+0)
;__Lib_Lcd.c,149 :: 		
0x0112	0x1506      	BSF        LCD_EN, BitPos(LCD_EN+0)
;__Lib_Lcd.c,150 :: 		
0x0113	0x2015      	CALL       _Delay_1us
;__Lib_Lcd.c,151 :: 		
0x0114	0x1106      	BCF        LCD_EN, BitPos(LCD_EN+0)
;__Lib_Lcd.c,152 :: 		
0x0115	0x2009      	CALL       _Delay_5500us
;__Lib_Lcd.c,155 :: 		
0x0116	0x1506      	BSF        LCD_EN, BitPos(LCD_EN+0)
;__Lib_Lcd.c,156 :: 		
0x0117	0x2015      	CALL       _Delay_1us
;__Lib_Lcd.c,157 :: 		
0x0118	0x1106      	BCF        LCD_EN, BitPos(LCD_EN+0)
;__Lib_Lcd.c,159 :: 		
0x0119	0x1586      	BSF        LCD_D4, BitPos(LCD_D4+0)
;__Lib_Lcd.c,160 :: 		
0x011A	0x1506      	BSF        LCD_EN, BitPos(LCD_EN+0)
;__Lib_Lcd.c,161 :: 		
0x011B	0x2015      	CALL       _Delay_1us
;__Lib_Lcd.c,162 :: 		
0x011C	0x1106      	BCF        LCD_EN, BitPos(LCD_EN+0)
;__Lib_Lcd.c,163 :: 		
0x011D	0x2009      	CALL       _Delay_5500us
;__Lib_Lcd.c,166 :: 		
0x011E	0x1186      	BCF        LCD_D4, BitPos(LCD_D4+0)
;__Lib_Lcd.c,167 :: 		
0x011F	0x1506      	BSF        LCD_EN, BitPos(LCD_EN+0)
;__Lib_Lcd.c,168 :: 		
0x0120	0x2015      	CALL       _Delay_1us
;__Lib_Lcd.c,169 :: 		
0x0121	0x1106      	BCF        LCD_EN, BitPos(LCD_EN+0)
;__Lib_Lcd.c,171 :: 		
0x0122	0x1706      	BSF        LCD_D7, BitPos(LCD_D7+0)
;__Lib_Lcd.c,172 :: 		
0x0123	0x1686      	BSF        LCD_D6, BitPos(LCD_D6+0)
;__Lib_Lcd.c,173 :: 		
0x0124	0x1606      	BSF        LCD_D5, BitPos(LCD_D5+0)
;__Lib_Lcd.c,174 :: 		
0x0125	0x1586      	BSF        LCD_D4, BitPos(LCD_D4+0)
;__Lib_Lcd.c,175 :: 		
0x0126	0x1506      	BSF        LCD_EN, BitPos(LCD_EN+0)
;__Lib_Lcd.c,176 :: 		
0x0127	0x2015      	CALL       _Delay_1us
;__Lib_Lcd.c,177 :: 		
0x0128	0x1106      	BCF        LCD_EN, BitPos(LCD_EN+0)
;__Lib_Lcd.c,179 :: 		
0x0129	0x2009      	CALL       _Delay_5500us
;__Lib_Lcd.c,181 :: 		
0x012A	0x1431      	BSF        __Lib_Lcd_cmd_status, BitPos(__Lib_Lcd_cmd_status+0)
;__Lib_Lcd.c,182 :: 		
L_end_Lcd_Init:
0x012B	0x0008      	RETURN
; end of _Lcd_Init
_main:
0x012C	0x3056      	MOVLW      86
0x012D	0x1283      	BCF        STATUS, 5
0x012E	0x008C      	MOVWF      ?lstr5_montre
0x012F	0x3045      	MOVLW      69
0x0130	0x008D      	MOVWF      13
0x0131	0x304E      	MOVLW      78
0x0132	0x008E      	MOVWF      14
0x0133	0x018F      	CLRF       15
0x0134	0x304A      	MOVLW      74
0x0135	0x0090      	MOVWF      ?lstr4_montre
0x0136	0x3045      	MOVLW      69
0x0137	0x0091      	MOVWF      17
0x0138	0x3055      	MOVLW      85
0x0139	0x0092      	MOVWF      18
0x013A	0x0193      	CLRF       19
0x013B	0x304D      	MOVLW      77
0x013C	0x0094      	MOVWF      ?lstr3_montre
0x013D	0x3045      	MOVLW      69
0x013E	0x0095      	MOVWF      21
0x013F	0x3052      	MOVLW      82
0x0140	0x0096      	MOVWF      22
0x0141	0x0197      	CLRF       23
0x0142	0x3044      	MOVLW      68
0x0143	0x0098      	MOVWF      ?lstr7_montre
0x0144	0x3049      	MOVLW      73
0x0145	0x0099      	MOVWF      25
0x0146	0x304D      	MOVLW      77
0x0147	0x009A      	MOVWF      26
0x0148	0x019B      	CLRF       27
0x0149	0x3053      	MOVLW      83
0x014A	0x009C      	MOVWF      ?lstr6_montre
0x014B	0x3041      	MOVLW      65
0x014C	0x009D      	MOVWF      29
0x014D	0x304D      	MOVLW      77
0x014E	0x009E      	MOVWF      30
0x014F	0x019F      	CLRF       31
0x0150	0x304D      	MOVLW      77
0x0151	0x00A0      	MOVWF      ?lstr2_montre
0x0152	0x3041      	MOVLW      65
0x0153	0x00A1      	MOVWF      33
0x0154	0x3052      	MOVLW      82
0x0155	0x00A2      	MOVWF      34
0x0156	0x01A3      	CLRF       35
0x0157	0x304C      	MOVLW      76
0x0158	0x00A4      	MOVWF      ?lstr1_montre
0x0159	0x3055      	MOVLW      85
0x015A	0x00A5      	MOVWF      37
0x015B	0x304E      	MOVLW      78
0x015C	0x00A6      	MOVWF      38
0x015D	0x01A7      	CLRF       39
;montre.c,17 :: 		void main()
;montre.c,19 :: 		s1=s2=m1=m2=h1=h2=48;
0x015E	0x3030      	MOVLW      48
0x015F	0x00AC      	MOVWF      _h2
0x0160	0x3030      	MOVLW      48
0x0161	0x00AD      	MOVWF      _h1
0x0162	0x3030      	MOVLW      48
0x0163	0x00A8      	MOVWF      _m2
0x0164	0x3030      	MOVLW      48
0x0165	0x00A9      	MOVWF      _m1
0x0166	0x3030      	MOVLW      48
0x0167	0x00AA      	MOVWF      _s2
0x0168	0x3030      	MOVLW      48
0x0169	0x00AE      	MOVWF      _s1
;montre.c,20 :: 		p=58;
0x016A	0x303A      	MOVLW      58
0x016B	0x00AB      	MOVWF      _p
;montre.c,21 :: 		j=1;
0x016C	0x3001      	MOVLW      1
0x016D	0x00B2      	MOVWF      _j
;montre.c,22 :: 		LCD_INIT();
0x016E	0x20DF      	CALL       _Lcd_Init
;montre.c,23 :: 		LCD_cmd(_lcd_cursor_off);
0x016F	0x300C      	MOVLW      12
0x0170	0x00B8      	MOVWF      FARG_Lcd_Cmd_out_char
0x0171	0x2018      	CALL       _Lcd_Cmd
;montre.c,24 :: 		lcd_chr(1,8,s1);
0x0172	0x3001      	MOVLW      1
0x0173	0x00B3      	MOVWF      FARG_Lcd_Chr_row
0x0174	0x3008      	MOVLW      8
0x0175	0x00B4      	MOVWF      FARG_Lcd_Chr_column
0x0176	0x082E      	MOVF       _s1, 0
0x0177	0x00B5      	MOVWF      FARG_Lcd_Chr_out_char
0x0178	0x20A1      	CALL       _Lcd_Chr
;montre.c,25 :: 		lcd_chr(1,7,s2);
0x0179	0x3001      	MOVLW      1
0x017A	0x00B3      	MOVWF      FARG_Lcd_Chr_row
0x017B	0x3007      	MOVLW      7
0x017C	0x00B4      	MOVWF      FARG_Lcd_Chr_column
0x017D	0x082A      	MOVF       _s2, 0
0x017E	0x00B5      	MOVWF      FARG_Lcd_Chr_out_char
0x017F	0x20A1      	CALL       _Lcd_Chr
;montre.c,26 :: 		lcd_chr(1,6,p);
0x0180	0x3001      	MOVLW      1
0x0181	0x00B3      	MOVWF      FARG_Lcd_Chr_row
0x0182	0x3006      	MOVLW      6
0x0183	0x00B4      	MOVWF      FARG_Lcd_Chr_column
0x0184	0x082B      	MOVF       _p, 0
0x0185	0x00B5      	MOVWF      FARG_Lcd_Chr_out_char
0x0186	0x20A1      	CALL       _Lcd_Chr
;montre.c,27 :: 		lcd_chr(1,5,m1);
0x0187	0x3001      	MOVLW      1
0x0188	0x00B3      	MOVWF      FARG_Lcd_Chr_row
0x0189	0x3005      	MOVLW      5
0x018A	0x00B4      	MOVWF      FARG_Lcd_Chr_column
0x018B	0x0829      	MOVF       _m1, 0
0x018C	0x00B5      	MOVWF      FARG_Lcd_Chr_out_char
0x018D	0x20A1      	CALL       _Lcd_Chr
;montre.c,28 :: 		lcd_chr(1,4,m2);
0x018E	0x3001      	MOVLW      1
0x018F	0x00B3      	MOVWF      FARG_Lcd_Chr_row
0x0190	0x3004      	MOVLW      4
0x0191	0x00B4      	MOVWF      FARG_Lcd_Chr_column
0x0192	0x0828      	MOVF       _m2, 0
0x0193	0x00B5      	MOVWF      FARG_Lcd_Chr_out_char
0x0194	0x20A1      	CALL       _Lcd_Chr
;montre.c,29 :: 		lcd_chr(1,3,p);
0x0195	0x3001      	MOVLW      1
0x0196	0x00B3      	MOVWF      FARG_Lcd_Chr_row
0x0197	0x3003      	MOVLW      3
0x0198	0x00B4      	MOVWF      FARG_Lcd_Chr_column
0x0199	0x082B      	MOVF       _p, 0
0x019A	0x00B5      	MOVWF      FARG_Lcd_Chr_out_char
0x019B	0x20A1      	CALL       _Lcd_Chr
;montre.c,30 :: 		lcd_chr(1,2,h1);
0x019C	0x3001      	MOVLW      1
0x019D	0x00B3      	MOVWF      FARG_Lcd_Chr_row
0x019E	0x3002      	MOVLW      2
0x019F	0x00B4      	MOVWF      FARG_Lcd_Chr_column
0x01A0	0x082D      	MOVF       _h1, 0
0x01A1	0x00B5      	MOVWF      FARG_Lcd_Chr_out_char
0x01A2	0x20A1      	CALL       _Lcd_Chr
;montre.c,31 :: 		lcd_chr(1,1,h2);
0x01A3	0x3001      	MOVLW      1
0x01A4	0x00B3      	MOVWF      FARG_Lcd_Chr_row
0x01A5	0x3001      	MOVLW      1
0x01A6	0x00B4      	MOVWF      FARG_Lcd_Chr_column
0x01A7	0x082C      	MOVF       _h2, 0
0x01A8	0x00B5      	MOVWF      FARG_Lcd_Chr_out_char
0x01A9	0x20A1      	CALL       _Lcd_Chr
;montre.c,33 :: 		for(;;)
L_main0:
;montre.c,35 :: 		delay_ms(100);
0x01AA	0x3002      	MOVLW      2
0x01AB	0x00CB      	MOVWF      R11
0x01AC	0x3004      	MOVLW      4
0x01AD	0x00CC      	MOVWF      R12
0x01AE	0x30BA      	MOVLW      186
0x01AF	0x00CD      	MOVWF      R13
L_main3:
0x01B0	0x0BCD      	DECFSZ     R13, 1
0x01B1	0x29B0      	GOTO       L_main3
0x01B2	0x0BCC      	DECFSZ     R12, 1
0x01B3	0x29B0      	GOTO       L_main3
0x01B4	0x0BCB      	DECFSZ     R11, 1
0x01B5	0x29B0      	GOTO       L_main3
0x01B6	0x0000      	NOP
;montre.c,36 :: 		s1++;
0x01B7	0x0AAE      	INCF       _s1, 1
;montre.c,37 :: 		if(s1==58) {s1=48; s2++;}
0x01B8	0x082E      	MOVF       _s1, 0
0x01B9	0x3A3A      	XORLW      58
0x01BA	0x1D03      	BTFSS      STATUS, 2
0x01BB	0x29BF      	GOTO       L_main4
0x01BC	0x3030      	MOVLW      48
0x01BD	0x00AE      	MOVWF      _s1
0x01BE	0x0AAA      	INCF       _s2, 1
L_main4:
;montre.c,38 :: 		if(s2==54) {s1=48; s2=48; m1++;}
0x01BF	0x082A      	MOVF       _s2, 0
0x01C0	0x3A36      	XORLW      54
0x01C1	0x1D03      	BTFSS      STATUS, 2
0x01C2	0x29C8      	GOTO       L_main5
0x01C3	0x3030      	MOVLW      48
0x01C4	0x00AE      	MOVWF      _s1
0x01C5	0x3030      	MOVLW      48
0x01C6	0x00AA      	MOVWF      _s2
0x01C7	0x0AA9      	INCF       _m1, 1
L_main5:
;montre.c,39 :: 		if(m1==58) {s1=48; s2=48; m1=48; m2++;}
0x01C8	0x0829      	MOVF       _m1, 0
0x01C9	0x3A3A      	XORLW      58
0x01CA	0x1D03      	BTFSS      STATUS, 2
0x01CB	0x29D3      	GOTO       L_main6
0x01CC	0x3030      	MOVLW      48
0x01CD	0x00AE      	MOVWF      _s1
0x01CE	0x3030      	MOVLW      48
0x01CF	0x00AA      	MOVWF      _s2
0x01D0	0x3030      	MOVLW      48
0x01D1	0x00A9      	MOVWF      _m1
0x01D2	0x0AA8      	INCF       _m2, 1
L_main6:
;montre.c,40 :: 		if(m2==54) {s1=48; s2=48; m1=48; m2=48; h1++;}
0x01D3	0x0828      	MOVF       _m2, 0
0x01D4	0x3A36      	XORLW      54
0x01D5	0x1D03      	BTFSS      STATUS, 2
0x01D6	0x29E0      	GOTO       L_main7
0x01D7	0x3030      	MOVLW      48
0x01D8	0x00AE      	MOVWF      _s1
0x01D9	0x3030      	MOVLW      48
0x01DA	0x00AA      	MOVWF      _s2
0x01DB	0x3030      	MOVLW      48
0x01DC	0x00A9      	MOVWF      _m1
0x01DD	0x3030      	MOVLW      48
0x01DE	0x00A8      	MOVWF      _m2
0x01DF	0x0AAD      	INCF       _h1, 1
L_main7:
;montre.c,41 :: 		if(h1==58) {s1=48; s2=48; m1=48; m2=48; h1=48; h2++;}
0x01E0	0x082D      	MOVF       _h1, 0
0x01E1	0x3A3A      	XORLW      58
0x01E2	0x1D03      	BTFSS      STATUS, 2
0x01E3	0x29EF      	GOTO       L_main8
0x01E4	0x3030      	MOVLW      48
0x01E5	0x00AE      	MOVWF      _s1
0x01E6	0x3030      	MOVLW      48
0x01E7	0x00AA      	MOVWF      _s2
0x01E8	0x3030      	MOVLW      48
0x01E9	0x00A9      	MOVWF      _m1
0x01EA	0x3030      	MOVLW      48
0x01EB	0x00A8      	MOVWF      _m2
0x01EC	0x3030      	MOVLW      48
0x01ED	0x00AD      	MOVWF      _h1
0x01EE	0x0AAC      	INCF       _h2, 1
L_main8:
;montre.c,42 :: 		if(h2==50&&h1==52) {s1=48; s2=48; m1=48; m2=48; h1=48; h2=48; j++; }
0x01EF	0x082C      	MOVF       _h2, 0
0x01F0	0x3A32      	XORLW      50
0x01F1	0x1D03      	BTFSS      STATUS, 2
0x01F2	0x2A04      	GOTO       L_main11
0x01F3	0x082D      	MOVF       _h1, 0
0x01F4	0x3A34      	XORLW      52
0x01F5	0x1D03      	BTFSS      STATUS, 2
0x01F6	0x2A04      	GOTO       L_main11
L__main20:
0x01F7	0x3030      	MOVLW      48
0x01F8	0x00AE      	MOVWF      _s1
0x01F9	0x3030      	MOVLW      48
0x01FA	0x00AA      	MOVWF      _s2
0x01FB	0x3030      	MOVLW      48
0x01FC	0x00A9      	MOVWF      _m1
0x01FD	0x3030      	MOVLW      48
0x01FE	0x00A8      	MOVWF      _m2
0x01FF	0x3030      	MOVLW      48
0x0200	0x00AD      	MOVWF      _h1
0x0201	0x3030      	MOVLW      48
0x0202	0x00AC      	MOVWF      _h2
0x0203	0x0AB2      	INCF       _j, 1
L_main11:
;montre.c,43 :: 		lcd_chr(1,8,s1);
0x0204	0x3001      	MOVLW      1
0x0205	0x00B3      	MOVWF      FARG_Lcd_Chr_row
0x0206	0x3008      	MOVLW      8
0x0207	0x00B4      	MOVWF      FARG_Lcd_Chr_column
0x0208	0x082E      	MOVF       _s1, 0
0x0209	0x00B5      	MOVWF      FARG_Lcd_Chr_out_char
0x020A	0x20A1      	CALL       _Lcd_Chr
;montre.c,44 :: 		lcd_chr(1,7,s2);
0x020B	0x3001      	MOVLW      1
0x020C	0x00B3      	MOVWF      FARG_Lcd_Chr_row
0x020D	0x3007      	MOVLW      7
0x020E	0x00B4      	MOVWF      FARG_Lcd_Chr_column
0x020F	0x082A      	MOVF       _s2, 0
0x0210	0x00B5      	MOVWF      FARG_Lcd_Chr_out_char
0x0211	0x20A1      	CALL       _Lcd_Chr
;montre.c,45 :: 		lcd_chr(1,5,m1);
0x0212	0x3001      	MOVLW      1
0x0213	0x00B3      	MOVWF      FARG_Lcd_Chr_row
0x0214	0x3005      	MOVLW      5
0x0215	0x00B4      	MOVWF      FARG_Lcd_Chr_column
0x0216	0x0829      	MOVF       _m1, 0
0x0217	0x00B5      	MOVWF      FARG_Lcd_Chr_out_char
0x0218	0x20A1      	CALL       _Lcd_Chr
;montre.c,46 :: 		lcd_chr(1,4,m2);
0x0219	0x3001      	MOVLW      1
0x021A	0x00B3      	MOVWF      FARG_Lcd_Chr_row
0x021B	0x3004      	MOVLW      4
0x021C	0x00B4      	MOVWF      FARG_Lcd_Chr_column
0x021D	0x0828      	MOVF       _m2, 0
0x021E	0x00B5      	MOVWF      FARG_Lcd_Chr_out_char
0x021F	0x20A1      	CALL       _Lcd_Chr
;montre.c,47 :: 		lcd_chr(1,2,h1);
0x0220	0x3001      	MOVLW      1
0x0221	0x00B3      	MOVWF      FARG_Lcd_Chr_row
0x0222	0x3002      	MOVLW      2
0x0223	0x00B4      	MOVWF      FARG_Lcd_Chr_column
0x0224	0x082D      	MOVF       _h1, 0
0x0225	0x00B5      	MOVWF      FARG_Lcd_Chr_out_char
0x0226	0x20A1      	CALL       _Lcd_Chr
;montre.c,48 :: 		lcd_chr(1,1,h2);
0x0227	0x3001      	MOVLW      1
0x0228	0x00B3      	MOVWF      FARG_Lcd_Chr_row
0x0229	0x3001      	MOVLW      1
0x022A	0x00B4      	MOVWF      FARG_Lcd_Chr_column
0x022B	0x082C      	MOVF       _h2, 0
0x022C	0x00B5      	MOVWF      FARG_Lcd_Chr_out_char
0x022D	0x20A1      	CALL       _Lcd_Chr
;montre.c,49 :: 		if(j==1) lcd_out(1,10,"LUN");
0x022E	0x0832      	MOVF       _j, 0
0x022F	0x3A01      	XORLW      1
0x0230	0x1D03      	BTFSS      STATUS, 2
0x0231	0x2A39      	GOTO       L_main12
0x0232	0x3001      	MOVLW      1
0x0233	0x00B3      	MOVWF      FARG_Lcd_Out_row
0x0234	0x300A      	MOVLW      10
0x0235	0x00B4      	MOVWF      FARG_Lcd_Out_column
0x0236	0x3024      	MOVLW      ?lstr1_montre
0x0237	0x00B5      	MOVWF      FARG_Lcd_Out_text
0x0238	0x2064      	CALL       _Lcd_Out
L_main12:
;montre.c,50 :: 		if(j==2) lcd_out(1,10,"MAR");
0x0239	0x0832      	MOVF       _j, 0
0x023A	0x3A02      	XORLW      2
0x023B	0x1D03      	BTFSS      STATUS, 2
0x023C	0x2A44      	GOTO       L_main13
0x023D	0x3001      	MOVLW      1
0x023E	0x00B3      	MOVWF      FARG_Lcd_Out_row
0x023F	0x300A      	MOVLW      10
0x0240	0x00B4      	MOVWF      FARG_Lcd_Out_column
0x0241	0x3020      	MOVLW      ?lstr2_montre
0x0242	0x00B5      	MOVWF      FARG_Lcd_Out_text
0x0243	0x2064      	CALL       _Lcd_Out
L_main13:
;montre.c,51 :: 		if(j==3) lcd_out(1,10,"MER");
0x0244	0x0832      	MOVF       _j, 0
0x0245	0x3A03      	XORLW      3
0x0246	0x1D03      	BTFSS      STATUS, 2
0x0247	0x2A4F      	GOTO       L_main14
0x0248	0x3001      	MOVLW      1
0x0249	0x00B3      	MOVWF      FARG_Lcd_Out_row
0x024A	0x300A      	MOVLW      10
0x024B	0x00B4      	MOVWF      FARG_Lcd_Out_column
0x024C	0x3014      	MOVLW      ?lstr3_montre
0x024D	0x00B5      	MOVWF      FARG_Lcd_Out_text
0x024E	0x2064      	CALL       _Lcd_Out
L_main14:
;montre.c,52 :: 		if(j==4) lcd_out(1,10,"JEU");
0x024F	0x0832      	MOVF       _j, 0
0x0250	0x3A04      	XORLW      4
0x0251	0x1D03      	BTFSS      STATUS, 2
0x0252	0x2A5A      	GOTO       L_main15
0x0253	0x3001      	MOVLW      1
0x0254	0x00B3      	MOVWF      FARG_Lcd_Out_row
0x0255	0x300A      	MOVLW      10
0x0256	0x00B4      	MOVWF      FARG_Lcd_Out_column
0x0257	0x3010      	MOVLW      ?lstr4_montre
0x0258	0x00B5      	MOVWF      FARG_Lcd_Out_text
0x0259	0x2064      	CALL       _Lcd_Out
L_main15:
;montre.c,53 :: 		if(j==5) lcd_out(1,10,"VEN");
0x025A	0x0832      	MOVF       _j, 0
0x025B	0x3A05      	XORLW      5
0x025C	0x1D03      	BTFSS      STATUS, 2
0x025D	0x2A65      	GOTO       L_main16
0x025E	0x3001      	MOVLW      1
0x025F	0x00B3      	MOVWF      FARG_Lcd_Out_row
0x0260	0x300A      	MOVLW      10
0x0261	0x00B4      	MOVWF      FARG_Lcd_Out_column
0x0262	0x300C      	MOVLW      ?lstr5_montre
0x0263	0x00B5      	MOVWF      FARG_Lcd_Out_text
0x0264	0x2064      	CALL       _Lcd_Out
L_main16:
;montre.c,54 :: 		if(j==6) lcd_out(1,10,"SAM");
0x0265	0x0832      	MOVF       _j, 0
0x0266	0x3A06      	XORLW      6
0x0267	0x1D03      	BTFSS      STATUS, 2
0x0268	0x2A70      	GOTO       L_main17
0x0269	0x3001      	MOVLW      1
0x026A	0x00B3      	MOVWF      FARG_Lcd_Out_row
0x026B	0x300A      	MOVLW      10
0x026C	0x00B4      	MOVWF      FARG_Lcd_Out_column
0x026D	0x301C      	MOVLW      ?lstr6_montre
0x026E	0x00B5      	MOVWF      FARG_Lcd_Out_text
0x026F	0x2064      	CALL       _Lcd_Out
L_main17:
;montre.c,55 :: 		if(j==7) lcd_out(1,10,"DIM");
0x0270	0x0832      	MOVF       _j, 0
0x0271	0x3A07      	XORLW      7
0x0272	0x1D03      	BTFSS      STATUS, 2
0x0273	0x2A7B      	GOTO       L_main18
0x0274	0x3001      	MOVLW      1
0x0275	0x00B3      	MOVWF      FARG_Lcd_Out_row
0x0276	0x300A      	MOVLW      10
0x0277	0x00B4      	MOVWF      FARG_Lcd_Out_column
0x0278	0x3018      	MOVLW      ?lstr7_montre
0x0279	0x00B5      	MOVWF      FARG_Lcd_Out_text
0x027A	0x2064      	CALL       _Lcd_Out
L_main18:
;montre.c,56 :: 		if(j==8) j=1;
0x027B	0x0832      	MOVF       _j, 0
0x027C	0x3A08      	XORLW      8
0x027D	0x1D03      	BTFSS      STATUS, 2
0x027E	0x2A81      	GOTO       L_main19
0x027F	0x3001      	MOVLW      1
0x0280	0x00B2      	MOVWF      _j
L_main19:
;montre.c,61 :: 		}
0x0281	0x29AA      	GOTO       L_main0
;montre.c,63 :: 		}
L_end_main:
0x0282	0x2A82      	GOTO       $+0
; end of _main
Symbol List:
//** Routines locations **
//ADDRESS    SIZE    PROCEDURE
//----------------------------------------------
0x0003       [6]    _Delay_50us
0x0009      [12]    _Delay_5500us
0x0015       [3]    _Delay_1us
0x0018      [63]    _Lcd_Cmd
0x0057       [6]    _____DoICP
0x005D       [7]    _Lcd_Chr_CP
0x0064      [61]    _Lcd_Out
0x00A1      [50]    _Lcd_Chr
0x00D3      [12]    ___CC2DW
0x00DF      [77]    _Lcd_Init
0x012C     [343]    _main
//** Variables locations ** 
//ADDRESS    SIZE    VARIABLE
//----------------------------------------------
0x0000       [1]    INDF
0x0002       [1]    PCL
0x0003       [1]    STATUS
0x0004       [1]    FSR
0x0006       [0]    LCD_D5
0x0006       [0]    LCD_D4
0x0006       [0]    RB4_bit
0x0006       [0]    LCD_D6
0x0006       [0]    RB5_bit
0x0006       [0]    LCD_D7
0x0006       [0]    RB1_bit
0x0006       [0]    RB2_bit
0x0006       [0]    LCD_EN
0x0006       [0]    LCD_RS
0x0006       [0]    RB3_bit
0x0006       [0]    RB6_bit
0x000A       [1]    PCLATH
0x000C       [4]    ?lstr5_montre
0x0010       [4]    ?lstr4_montre
0x0014       [4]    ?lstr3_montre
0x0018       [4]    ?lstr7_montre
0x001C       [4]    ?lstr6_montre
0x0020       [4]    ?lstr2_montre
0x0024       [4]    ?lstr1_montre
0x0028       [1]    _m2
0x0029       [1]    _m1
0x002A       [1]    _s2
0x002B       [1]    _p
0x002C       [1]    _h2
0x002D       [1]    _h1
0x002E       [1]    _s1
0x002F       [2]    ___DoICPAddr
0x0031       [0]    __Lib_Lcd_cmd_status
0x0032       [1]    _j
0x0033       [1]    FARG_Lcd_Chr_row
0x0033       [1]    FARG_Lcd_Out_row
0x0034       [1]    FARG_Lcd_Out_column
0x0034       [1]    FARG_Lcd_Chr_column
0x0035       [1]    FARG_Lcd_Chr_out_char
0x0035       [1]    FARG_Lcd_Out_text
0x0036       [1]    Lcd_Out_i_L0
0x0037       [1]    FARG_Lcd_Chr_CP_out_char
0x0038       [1]    FARG_Lcd_Cmd_out_char
0x0040       [1]    R0
0x0041       [1]    R1
0x0042       [1]    R2
0x0043       [1]    R3
0x0044       [1]    R4
0x0045       [1]    R5
0x0046       [1]    R6
0x0047       [1]    R7
0x0048       [1]    R8
0x0049       [1]    R9
0x004A       [1]    R10
0x004B       [1]    R11
0x004C       [1]    R12
0x004D       [1]    R13
0x004E       [1]    R14
0x004F       [1]    R15
0x0086       [0]    TRISB5_bit
0x0086       [0]    TRISB4_bit
0x0086       [0]    TRISB6_bit
0x0086       [0]    LCD_D7_Direction
0x0086       [0]    LCD_EN_Direction
0x0086       [0]    LCD_RS_Direction
0x0086       [0]    LCD_D4_Direction
0x0086       [0]    LCD_D5_Direction
0x0086       [0]    LCD_D6_Direction
0x0086       [0]    TRISB2_bit
0x0086       [0]    TRISB3_bit
0x0086       [0]    TRISB1_bit
