;  LST file generated by mikroListExporter - v.2.0 
; Date/Time: 20/09/2019 21:53:13
;----------------------------------------------

;Address Opcode 	ASM
0x0000	0x2A64      	GOTO       612
_Delay_1us:
;__Lib_Delays.c,7 :: 		void Delay_1us() {
;__Lib_Delays.c,8 :: 		Delay_us(1);
0x0003	0x0000      	NOP
0x0004	0x0000      	NOP
;__Lib_Delays.c,9 :: 		}
L_end_Delay_1us:
0x0005	0x0008      	RETURN
; end of _Delay_1us
_Delay_50us:
;__Lib_Delays.c,19 :: 		void Delay_50us() {
;__Lib_Delays.c,20 :: 		Delay_us(50);
0x0006	0x3021      	MOVLW      33
0x0007	0x1283      	BCF        STATUS, 5
0x0008	0x1303      	BCF        STATUS, 6
0x0009	0x00FD      	MOVWF      R13
L_Delay_50us2:
0x000A	0x0BFD      	DECFSZ     R13, 1
0x000B	0x280A      	GOTO       L_Delay_50us2
;__Lib_Delays.c,21 :: 		}
L_end_Delay_50us:
0x000C	0x0008      	RETURN
; end of _Delay_50us
_Delay_5500us:
;__Lib_Delays.c,31 :: 		void Delay_5500us() {
;__Lib_Delays.c,32 :: 		Delay_us(5500);
0x000D	0x300F      	MOVLW      15
0x000E	0x1283      	BCF        STATUS, 5
0x000F	0x1303      	BCF        STATUS, 6
0x0010	0x00FC      	MOVWF      R12
0x0011	0x3047      	MOVLW      71
0x0012	0x00FD      	MOVWF      R13
L_Delay_5500us5:
0x0013	0x0BFD      	DECFSZ     R13, 1
0x0014	0x2813      	GOTO       L_Delay_5500us5
0x0015	0x0BFC      	DECFSZ     R12, 1
0x0016	0x2813      	GOTO       L_Delay_5500us5
0x0017	0x0000      	NOP
0x0018	0x0000      	NOP
;__Lib_Delays.c,33 :: 		}
L_end_Delay_5500us:
0x0019	0x0008      	RETURN
; end of _Delay_5500us
_Lcd_Cmd:
;__Lib_Lcd.c,18 :: 		
;__Lib_Lcd.c,20 :: 		
0x001A	0x1283      	BCF        STATUS, 5
0x001B	0x1303      	BCF        STATUS, 6
0x001C	0x1BD6      	BTFSC      FARG_Lcd_Cmd_out_char, 7
0x001D	0x2820      	GOTO       L__Lcd_Cmd21
0x001E	0x1388      	BCF        LCD_D7, BitPos(LCD_D7+0)
0x001F	0x2821      	GOTO       L__Lcd_Cmd22
L__Lcd_Cmd21:
0x0020	0x1788      	BSF        LCD_D7, BitPos(LCD_D7+0)
L__Lcd_Cmd22:
;__Lib_Lcd.c,21 :: 		
0x0021	0x1B56      	BTFSC      FARG_Lcd_Cmd_out_char, 6
0x0022	0x2825      	GOTO       L__Lcd_Cmd23
0x0023	0x1308      	BCF        LCD_D6, BitPos(LCD_D6+0)
0x0024	0x2826      	GOTO       L__Lcd_Cmd24
L__Lcd_Cmd23:
0x0025	0x1708      	BSF        LCD_D6, BitPos(LCD_D6+0)
L__Lcd_Cmd24:
;__Lib_Lcd.c,22 :: 		
0x0026	0x1AD6      	BTFSC      FARG_Lcd_Cmd_out_char, 5
0x0027	0x282A      	GOTO       L__Lcd_Cmd25
0x0028	0x1288      	BCF        LCD_D5, BitPos(LCD_D5+0)
0x0029	0x282B      	GOTO       L__Lcd_Cmd26
L__Lcd_Cmd25:
0x002A	0x1688      	BSF        LCD_D5, BitPos(LCD_D5+0)
L__Lcd_Cmd26:
;__Lib_Lcd.c,23 :: 		
0x002B	0x1A56      	BTFSC      FARG_Lcd_Cmd_out_char, 4
0x002C	0x282F      	GOTO       L__Lcd_Cmd27
0x002D	0x1208      	BCF        LCD_D4, BitPos(LCD_D4+0)
0x002E	0x2830      	GOTO       L__Lcd_Cmd28
L__Lcd_Cmd27:
0x002F	0x1608      	BSF        LCD_D4, BitPos(LCD_D4+0)
L__Lcd_Cmd28:
;__Lib_Lcd.c,25 :: 		
0x0030	0x1845      	BTFSC      __Lib_Lcd_cmd_status, BitPos(__Lib_Lcd_cmd_status+0)
0x0031	0x2834      	GOTO       L__Lcd_Cmd29
0x0032	0x1508      	BSF        LCD_RS, BitPos(LCD_RS+0)
0x0033	0x2835      	GOTO       L__Lcd_Cmd30
L__Lcd_Cmd29:
0x0034	0x1108      	BCF        LCD_RS, BitPos(LCD_RS+0)
L__Lcd_Cmd30:
;__Lib_Lcd.c,28 :: 		
0x0035	0x1588      	BSF        LCD_EN, BitPos(LCD_EN+0)
;__Lib_Lcd.c,29 :: 		
0x0036	0x2003      	CALL       _Delay_1us
;__Lib_Lcd.c,30 :: 		
0x0037	0x1188      	BCF        LCD_EN, BitPos(LCD_EN+0)
;__Lib_Lcd.c,33 :: 		
0x0038	0x19D6      	BTFSC      FARG_Lcd_Cmd_out_char, 3
0x0039	0x283C      	GOTO       L__Lcd_Cmd31
0x003A	0x1388      	BCF        LCD_D7, BitPos(LCD_D7+0)
0x003B	0x283D      	GOTO       L__Lcd_Cmd32
L__Lcd_Cmd31:
0x003C	0x1788      	BSF        LCD_D7, BitPos(LCD_D7+0)
L__Lcd_Cmd32:
;__Lib_Lcd.c,34 :: 		
0x003D	0x1956      	BTFSC      FARG_Lcd_Cmd_out_char, 2
0x003E	0x2841      	GOTO       L__Lcd_Cmd33
0x003F	0x1308      	BCF        LCD_D6, BitPos(LCD_D6+0)
0x0040	0x2842      	GOTO       L__Lcd_Cmd34
L__Lcd_Cmd33:
0x0041	0x1708      	BSF        LCD_D6, BitPos(LCD_D6+0)
L__Lcd_Cmd34:
;__Lib_Lcd.c,35 :: 		
0x0042	0x18D6      	BTFSC      FARG_Lcd_Cmd_out_char, 1
0x0043	0x2846      	GOTO       L__Lcd_Cmd35
0x0044	0x1288      	BCF        LCD_D5, BitPos(LCD_D5+0)
0x0045	0x2847      	GOTO       L__Lcd_Cmd36
L__Lcd_Cmd35:
0x0046	0x1688      	BSF        LCD_D5, BitPos(LCD_D5+0)
L__Lcd_Cmd36:
;__Lib_Lcd.c,36 :: 		
0x0047	0x1856      	BTFSC      FARG_Lcd_Cmd_out_char, 0
0x0048	0x284B      	GOTO       L__Lcd_Cmd37
0x0049	0x1208      	BCF        LCD_D4, BitPos(LCD_D4+0)
0x004A	0x284C      	GOTO       L__Lcd_Cmd38
L__Lcd_Cmd37:
0x004B	0x1608      	BSF        LCD_D4, BitPos(LCD_D4+0)
L__Lcd_Cmd38:
;__Lib_Lcd.c,38 :: 		
0x004C	0x1845      	BTFSC      __Lib_Lcd_cmd_status, BitPos(__Lib_Lcd_cmd_status+0)
0x004D	0x2850      	GOTO       L__Lcd_Cmd39
0x004E	0x1508      	BSF        LCD_RS, BitPos(LCD_RS+0)
0x004F	0x2851      	GOTO       L__Lcd_Cmd40
L__Lcd_Cmd39:
0x0050	0x1108      	BCF        LCD_RS, BitPos(LCD_RS+0)
L__Lcd_Cmd40:
;__Lib_Lcd.c,40 :: 		
0x0051	0x1588      	BSF        LCD_EN, BitPos(LCD_EN+0)
;__Lib_Lcd.c,41 :: 		
0x0052	0x2003      	CALL       _Delay_1us
;__Lib_Lcd.c,42 :: 		
0x0053	0x1188      	BCF        LCD_EN, BitPos(LCD_EN+0)
;__Lib_Lcd.c,44 :: 		
0x0054	0x1C45      	BTFSS      __Lib_Lcd_cmd_status, BitPos(__Lib_Lcd_cmd_status+0)
0x0055	0x2858      	GOTO       L_Lcd_Cmd0
;__Lib_Lcd.c,45 :: 		
0x0056	0x200D      	CALL       _Delay_5500us
0x0057	0x2859      	GOTO       L_Lcd_Cmd1
L_Lcd_Cmd0:
;__Lib_Lcd.c,47 :: 		
0x0058	0x2006      	CALL       _Delay_50us
L_Lcd_Cmd1:
;__Lib_Lcd.c,48 :: 		
L_end_Lcd_Cmd:
0x0059	0x0008      	RETURN
; end of _Lcd_Cmd
_Keypad_Key_Press:
;__Lib_Keypad4x4.c,39 :: 		
;__Lib_Keypad4x4.c,43 :: 		
0x005A	0x1283      	BCF        STATUS, 5
0x005B	0x1303      	BCF        STATUS, 6
0x005C	0x01D1      	CLRF       Keypad_Key_Press_rslt_L0
;__Lib_Keypad4x4.c,44 :: 		
0x005D	0x01D3      	CLRF       Keypad_Key_Press_loc_L0
;__Lib_Keypad4x4.c,45 :: 		
0x005E	0x01D4      	CLRF       Keypad_Key_Press_rowcnt_L0
;__Lib_Keypad4x4.c,46 :: 		
0x005F	0x3010      	MOVLW      16
0x0060	0x00D5      	MOVWF      Keypad_Key_Press_shifter_L0
;__Lib_Keypad4x4.c,48 :: 		
L_Keypad_Key_Press0:
0x0061	0x3004      	MOVLW      4
0x0062	0x0254      	SUBWF      Keypad_Key_Press_rowcnt_L0, 0
0x0063	0x1803      	BTFSC      STATUS, 0
0x0064	0x288B      	GOTO       L_Keypad_Key_Press1
;__Lib_Keypad4x4.c,50 :: 		
0x0065	0x30F0      	MOVLW      240
0x0066	0x0086      	MOVWF      keypadPort
;__Lib_Keypad4x4.c,51 :: 		
0x0067	0x3080      	MOVLW      128
0x0068	0x00F0      	MOVWF      R0
0x0069	0x0870      	MOVF       R0, 0
0x006A	0x3E06      	ADDLW      keypadPort
0x006B	0x0084      	MOVWF      FSR
0x006C	0x0955      	COMF       Keypad_Key_Press_shifter_L0, 0
0x006D	0x00F0      	MOVWF      R0
0x006E	0x0870      	MOVF       R0, 0
0x006F	0x0080      	MOVWF      INDF
;__Lib_Keypad4x4.c,55 :: 		
0x0070	0x2003      	CALL       _Delay_1us
;__Lib_Keypad4x4.c,56 :: 		
0x0071	0x2003      	CALL       _Delay_1us
;__Lib_Keypad4x4.c,57 :: 		
0x0072	0x300F      	MOVLW      15
0x0073	0x0506      	ANDWF      keypadPort, 0
0x0074	0x00F0      	MOVWF      R0
0x0075	0x0870      	MOVF       R0, 0
0x0076	0x00D2      	MOVWF      Keypad_Key_Press_kdata_L0
;__Lib_Keypad4x4.c,58 :: 		
0x0077	0x0870      	MOVF       R0, 0
0x0078	0x1903      	BTFSC      STATUS, 2
0x0079	0x2885      	GOTO       L_Keypad_Key_Press2
;__Lib_Keypad4x4.c,60 :: 		
0x007A	0x0853      	MOVF       Keypad_Key_Press_loc_L0, 0
0x007B	0x00D1      	MOVWF      Keypad_Key_Press_rslt_L0
;__Lib_Keypad4x4.c,61 :: 		
L_Keypad_Key_Press3:
0x007C	0x0852      	MOVF       Keypad_Key_Press_kdata_L0, 0
0x007D	0x1903      	BTFSC      STATUS, 2
0x007E	0x2883      	GOTO       L_Keypad_Key_Press4
;__Lib_Keypad4x4.c,62 :: 		
0x007F	0x0CD2      	RRF        Keypad_Key_Press_kdata_L0, 1
0x0080	0x13D2      	BCF        Keypad_Key_Press_kdata_L0, 7
;__Lib_Keypad4x4.c,63 :: 		
0x0081	0x0AD1      	INCF       Keypad_Key_Press_rslt_L0, 1
;__Lib_Keypad4x4.c,64 :: 		
0x0082	0x287C      	GOTO       L_Keypad_Key_Press3
L_Keypad_Key_Press4:
;__Lib_Keypad4x4.c,66 :: 		
0x0083	0x3004      	MOVLW      4
0x0084	0x00D4      	MOVWF      Keypad_Key_Press_rowcnt_L0
;__Lib_Keypad4x4.c,67 :: 		
L_Keypad_Key_Press2:
;__Lib_Keypad4x4.c,68 :: 		
0x0085	0x0DD5      	RLF        Keypad_Key_Press_shifter_L0, 1
0x0086	0x1055      	BCF        Keypad_Key_Press_shifter_L0, 0
;__Lib_Keypad4x4.c,69 :: 		
0x0087	0x3004      	MOVLW      4
0x0088	0x07D3      	ADDWF      Keypad_Key_Press_loc_L0, 1
;__Lib_Keypad4x4.c,70 :: 		
0x0089	0x0AD4      	INCF       Keypad_Key_Press_rowcnt_L0, 1
;__Lib_Keypad4x4.c,71 :: 		
0x008A	0x2861      	GOTO       L_Keypad_Key_Press0
L_Keypad_Key_Press1:
;__Lib_Keypad4x4.c,73 :: 		
0x008B	0x0851      	MOVF       Keypad_Key_Press_rslt_L0, 0
0x008C	0x00F0      	MOVWF      R0
;__Lib_Keypad4x4.c,74 :: 		
L_end_Keypad_Key_Press:
0x008D	0x0008      	RETURN
; end of _Keypad_Key_Press
_Lcd_Chr_CP:
;__Lib_Lcd.c,50 :: 		
;__Lib_Lcd.c,52 :: 		
0x008E	0x1283      	BCF        STATUS, 5
0x008F	0x1303      	BCF        STATUS, 6
0x0090	0x1045      	BCF        __Lib_Lcd_cmd_status, BitPos(__Lib_Lcd_cmd_status+0)
;__Lib_Lcd.c,53 :: 		
0x0091	0x0851      	MOVF       FARG_Lcd_Chr_CP_out_char, 0
0x0092	0x00D6      	MOVWF      FARG_Lcd_Cmd_out_char
0x0093	0x201A      	CALL       _Lcd_Cmd
;__Lib_Lcd.c,54 :: 		
0x0094	0x1445      	BSF        __Lib_Lcd_cmd_status, BitPos(__Lib_Lcd_cmd_status+0)
;__Lib_Lcd.c,55 :: 		
L_end_Lcd_Chr_CP:
0x0095	0x0008      	RETURN
; end of _Lcd_Chr_CP
_Delay_10us:
;__Lib_Delays.c,11 :: 		void Delay_10us() {
;__Lib_Delays.c,12 :: 		Delay_us(10);
0x0096	0x3006      	MOVLW      6
0x0097	0x1283      	BCF        STATUS, 5
0x0098	0x1303      	BCF        STATUS, 6
0x0099	0x00FD      	MOVWF      R13
L_Delay_10us0:
0x009A	0x0BFD      	DECFSZ     R13, 1
0x009B	0x289A      	GOTO       L_Delay_10us0
0x009C	0x0000      	NOP
;__Lib_Delays.c,13 :: 		}
L_end_Delay_10us:
0x009D	0x0008      	RETURN
; end of _Delay_10us
_____DoICP:
;__Lib_System.c,6 :: 		
;__Lib_System.c,9 :: 		
0x009E	0x1283      	BCF        STATUS, 5
0x009F	0x1303      	BCF        STATUS, 6
0x00A0	0x0844      	MOVF       ___DoICPAddr+1, 0
0x00A1	0x008A      	MOVWF      PCLATH
;__Lib_System.c,10 :: 		
0x00A2	0x0843      	MOVF       ___DoICPAddr, 0
0x00A3	0x0082      	MOVWF      PCL
;__Lib_System.c,12 :: 		
L_end_____DoICP:
0x00A4	0x0008      	RETURN
; end of _____DoICP
_Keypad_Key_Click:
;__Lib_Keypad4x4.c,77 :: 		
;__Lib_Keypad4x4.c,81 :: 		
0x00A5	0x205A      	CALL       _Keypad_Key_Press
0x00A6	0x0870      	MOVF       R0, 0
0x00A7	0x00CD      	MOVWF      Keypad_Key_Click_rslt_L0
;__Lib_Keypad4x4.c,83 :: 		
L_Keypad_Key_Click5:
0x00A8	0x300F      	MOVLW      15
0x00A9	0x0506      	ANDWF      keypadPort, 0
0x00AA	0x00F0      	MOVWF      R0
0x00AB	0x1903      	BTFSC      STATUS, 2
0x00AC	0x28AF      	GOTO       L_Keypad_Key_Click6
;__Lib_Keypad4x4.c,84 :: 		
0x00AD	0x2096      	CALL       _Delay_10us
0x00AE	0x28A8      	GOTO       L_Keypad_Key_Click5
L_Keypad_Key_Click6:
;__Lib_Keypad4x4.c,86 :: 		
0x00AF	0x084D      	MOVF       Keypad_Key_Click_rslt_L0, 0
0x00B0	0x00F0      	MOVWF      R0
;__Lib_Keypad4x4.c,87 :: 		
L_end_Keypad_Key_Click:
0x00B1	0x0008      	RETURN
; end of _Keypad_Key_Click
_Lcd_Out:
;__Lib_Lcd.c,184 :: 		
;__Lib_Lcd.c,187 :: 		
0x00B2	0x28C4      	GOTO       L_Lcd_Out11
;__Lib_Lcd.c,188 :: 		
L_Lcd_Out13:
0x00B3	0x3080      	MOVLW      128
0x00B4	0x1283      	BCF        STATUS, 5
0x00B5	0x1303      	BCF        STATUS, 6
0x00B6	0x00CD      	MOVWF      FARG_Lcd_Out_row
0x00B7	0x28D7      	GOTO       L_Lcd_Out12
;__Lib_Lcd.c,189 :: 		
L_Lcd_Out14:
0x00B8	0x30C0      	MOVLW      192
0x00B9	0x00CD      	MOVWF      FARG_Lcd_Out_row
0x00BA	0x28D7      	GOTO       L_Lcd_Out12
;__Lib_Lcd.c,190 :: 		
L_Lcd_Out15:
0x00BB	0x3094      	MOVLW      148
0x00BC	0x00CD      	MOVWF      FARG_Lcd_Out_row
0x00BD	0x28D7      	GOTO       L_Lcd_Out12
;__Lib_Lcd.c,191 :: 		
L_Lcd_Out16:
0x00BE	0x30D4      	MOVLW      212
0x00BF	0x00CD      	MOVWF      FARG_Lcd_Out_row
0x00C0	0x28D7      	GOTO       L_Lcd_Out12
;__Lib_Lcd.c,192 :: 		
L_Lcd_Out17:
0x00C1	0x3080      	MOVLW      128
0x00C2	0x00CD      	MOVWF      FARG_Lcd_Out_row
;__Lib_Lcd.c,193 :: 		
0x00C3	0x28D7      	GOTO       L_Lcd_Out12
L_Lcd_Out11:
0x00C4	0x1283      	BCF        STATUS, 5
0x00C5	0x1303      	BCF        STATUS, 6
0x00C6	0x084D      	MOVF       FARG_Lcd_Out_row, 0
0x00C7	0x3A01      	XORLW      1
0x00C8	0x1903      	BTFSC      STATUS, 2
0x00C9	0x28B3      	GOTO       L_Lcd_Out13
0x00CA	0x084D      	MOVF       FARG_Lcd_Out_row, 0
0x00CB	0x3A02      	XORLW      2
0x00CC	0x1903      	BTFSC      STATUS, 2
0x00CD	0x28B8      	GOTO       L_Lcd_Out14
0x00CE	0x084D      	MOVF       FARG_Lcd_Out_row, 0
0x00CF	0x3A03      	XORLW      3
0x00D0	0x1903      	BTFSC      STATUS, 2
0x00D1	0x28BB      	GOTO       L_Lcd_Out15
0x00D2	0x084D      	MOVF       FARG_Lcd_Out_row, 0
0x00D3	0x3A04      	XORLW      4
0x00D4	0x1903      	BTFSC      STATUS, 2
0x00D5	0x28BE      	GOTO       L_Lcd_Out16
0x00D6	0x28C1      	GOTO       L_Lcd_Out17
L_Lcd_Out12:
;__Lib_Lcd.c,194 :: 		
0x00D7	0x034E      	DECF       FARG_Lcd_Out_column, 0
0x00D8	0x00F0      	MOVWF      R0
0x00D9	0x084D      	MOVF       FARG_Lcd_Out_row, 0
0x00DA	0x07F0      	ADDWF      R0, 1
0x00DB	0x0870      	MOVF       R0, 0
0x00DC	0x00CD      	MOVWF      FARG_Lcd_Out_row
;__Lib_Lcd.c,196 :: 		
0x00DD	0x0870      	MOVF       R0, 0
0x00DE	0x00D6      	MOVWF      FARG_Lcd_Cmd_out_char
0x00DF	0x201A      	CALL       _Lcd_Cmd
;__Lib_Lcd.c,197 :: 		
0x00E0	0x1045      	BCF        __Lib_Lcd_cmd_status, BitPos(__Lib_Lcd_cmd_status+0)
;__Lib_Lcd.c,198 :: 		
0x00E1	0x01D0      	CLRF       Lcd_Out_i_L0
;__Lib_Lcd.c,199 :: 		
L_Lcd_Out18:
0x00E2	0x0850      	MOVF       Lcd_Out_i_L0, 0
0x00E3	0x074F      	ADDWF      FARG_Lcd_Out_text, 0
0x00E4	0x0084      	MOVWF      FSR
0x00E5	0x0800      	MOVF       INDF, 0
0x00E6	0x1903      	BTFSC      STATUS, 2
0x00E7	0x28F0      	GOTO       L_Lcd_Out19
;__Lib_Lcd.c,200 :: 		
0x00E8	0x0850      	MOVF       Lcd_Out_i_L0, 0
0x00E9	0x074F      	ADDWF      FARG_Lcd_Out_text, 0
0x00EA	0x0084      	MOVWF      FSR
0x00EB	0x0800      	MOVF       INDF, 0
0x00EC	0x00D1      	MOVWF      FARG_Lcd_Chr_CP_out_char
0x00ED	0x208E      	CALL       _Lcd_Chr_CP
0x00EE	0x0AD0      	INCF       Lcd_Out_i_L0, 1
0x00EF	0x28E2      	GOTO       L_Lcd_Out18
L_Lcd_Out19:
;__Lib_Lcd.c,201 :: 		
0x00F0	0x1445      	BSF        __Lib_Lcd_cmd_status, BitPos(__Lib_Lcd_cmd_status+0)
;__Lib_Lcd.c,202 :: 		
L_end_Lcd_Out:
0x00F1	0x0008      	RETURN
; end of _Lcd_Out
_Lcd_Chr:
;__Lib_Lcd.c,65 :: 		
;__Lib_Lcd.c,66 :: 		
0x00F2	0x2904      	GOTO       L_Lcd_Chr4
;__Lib_Lcd.c,67 :: 		
L_Lcd_Chr6:
0x00F3	0x3080      	MOVLW      128
0x00F4	0x1283      	BCF        STATUS, 5
0x00F5	0x1303      	BCF        STATUS, 6
0x00F6	0x00CD      	MOVWF      FARG_Lcd_Chr_row
0x00F7	0x2917      	GOTO       L_Lcd_Chr5
;__Lib_Lcd.c,68 :: 		
L_Lcd_Chr7:
0x00F8	0x30C0      	MOVLW      192
0x00F9	0x00CD      	MOVWF      FARG_Lcd_Chr_row
0x00FA	0x2917      	GOTO       L_Lcd_Chr5
;__Lib_Lcd.c,69 :: 		
L_Lcd_Chr8:
0x00FB	0x3094      	MOVLW      148
0x00FC	0x00CD      	MOVWF      FARG_Lcd_Chr_row
0x00FD	0x2917      	GOTO       L_Lcd_Chr5
;__Lib_Lcd.c,70 :: 		
L_Lcd_Chr9:
0x00FE	0x30D4      	MOVLW      212
0x00FF	0x00CD      	MOVWF      FARG_Lcd_Chr_row
0x0100	0x2917      	GOTO       L_Lcd_Chr5
;__Lib_Lcd.c,71 :: 		
L_Lcd_Chr10:
0x0101	0x3080      	MOVLW      128
0x0102	0x00CD      	MOVWF      FARG_Lcd_Chr_row
;__Lib_Lcd.c,72 :: 		
0x0103	0x2917      	GOTO       L_Lcd_Chr5
L_Lcd_Chr4:
0x0104	0x1283      	BCF        STATUS, 5
0x0105	0x1303      	BCF        STATUS, 6
0x0106	0x084D      	MOVF       FARG_Lcd_Chr_row, 0
0x0107	0x3A01      	XORLW      1
0x0108	0x1903      	BTFSC      STATUS, 2
0x0109	0x28F3      	GOTO       L_Lcd_Chr6
0x010A	0x084D      	MOVF       FARG_Lcd_Chr_row, 0
0x010B	0x3A02      	XORLW      2
0x010C	0x1903      	BTFSC      STATUS, 2
0x010D	0x28F8      	GOTO       L_Lcd_Chr7
0x010E	0x084D      	MOVF       FARG_Lcd_Chr_row, 0
0x010F	0x3A03      	XORLW      3
0x0110	0x1903      	BTFSC      STATUS, 2
0x0111	0x28FB      	GOTO       L_Lcd_Chr8
0x0112	0x084D      	MOVF       FARG_Lcd_Chr_row, 0
0x0113	0x3A04      	XORLW      4
0x0114	0x1903      	BTFSC      STATUS, 2
0x0115	0x28FE      	GOTO       L_Lcd_Chr9
0x0116	0x2901      	GOTO       L_Lcd_Chr10
L_Lcd_Chr5:
;__Lib_Lcd.c,74 :: 		
0x0117	0x034E      	DECF       FARG_Lcd_Chr_column, 0
0x0118	0x00F0      	MOVWF      R0
0x0119	0x084D      	MOVF       FARG_Lcd_Chr_row, 0
0x011A	0x07F0      	ADDWF      R0, 1
0x011B	0x0870      	MOVF       R0, 0
0x011C	0x00CD      	MOVWF      FARG_Lcd_Chr_row
;__Lib_Lcd.c,76 :: 		
0x011D	0x1445      	BSF        __Lib_Lcd_cmd_status, BitPos(__Lib_Lcd_cmd_status+0)
;__Lib_Lcd.c,77 :: 		
0x011E	0x0870      	MOVF       R0, 0
0x011F	0x00D6      	MOVWF      FARG_Lcd_Cmd_out_char
0x0120	0x201A      	CALL       _Lcd_Cmd
;__Lib_Lcd.c,79 :: 		
0x0121	0x1045      	BCF        __Lib_Lcd_cmd_status, BitPos(__Lib_Lcd_cmd_status+0)
;__Lib_Lcd.c,80 :: 		
0x0122	0x084F      	MOVF       FARG_Lcd_Chr_out_char, 0
0x0123	0x00D6      	MOVWF      FARG_Lcd_Cmd_out_char
0x0124	0x201A      	CALL       _Lcd_Cmd
;__Lib_Lcd.c,81 :: 		
0x0125	0x1445      	BSF        __Lib_Lcd_cmd_status, BitPos(__Lib_Lcd_cmd_status+0)
;__Lib_Lcd.c,82 :: 		
L_end_Lcd_Chr:
0x0126	0x0008      	RETURN
; end of _Lcd_Chr
_strcmp:
;__Lib_CString.c,115 :: 		
;__Lib_CString.c,117 :: 		
L_strcmp30:
0x0127	0x1283      	BCF        STATUS, 5
0x0128	0x1303      	BCF        STATUS, 6
0x0129	0x084D      	MOVF       FARG_strcmp_s1, 0
0x012A	0x0084      	MOVWF      FSR
0x012B	0x0800      	MOVF       INDF, 0
0x012C	0x1903      	BTFSC      STATUS, 2
0x012D	0x293B      	GOTO       L_strcmp31
0x012E	0x084D      	MOVF       FARG_strcmp_s1, 0
0x012F	0x0084      	MOVWF      FSR
0x0130	0x0800      	MOVF       INDF, 0
0x0131	0x00F1      	MOVWF      R1
0x0132	0x084E      	MOVF       FARG_strcmp_s2, 0
0x0133	0x0084      	MOVWF      FSR
0x0134	0x0871      	MOVF       R1, 0
0x0135	0x0600      	XORWF      INDF, 0
0x0136	0x1D03      	BTFSS      STATUS, 2
0x0137	0x293B      	GOTO       L_strcmp31
L__strcmp82:
;__Lib_CString.c,118 :: 		
0x0138	0x0ACD      	INCF       FARG_strcmp_s1, 1
0x0139	0x0ACE      	INCF       FARG_strcmp_s2, 1
0x013A	0x2927      	GOTO       L_strcmp30
L_strcmp31:
;__Lib_CString.c,120 :: 		
0x013B	0x084D      	MOVF       FARG_strcmp_s1, 0
0x013C	0x0084      	MOVWF      FSR
0x013D	0x0800      	MOVF       INDF, 0
0x013E	0x00F0      	MOVWF      R0
0x013F	0x084E      	MOVF       FARG_strcmp_s2, 0
0x0140	0x0084      	MOVWF      FSR
0x0141	0x0800      	MOVF       INDF, 0
0x0142	0x02F0      	SUBWF      R0, 1
0x0143	0x01F1      	CLRF       R0+1
0x0144	0x1C03      	BTFSS      STATUS, 0
0x0145	0x03F1      	DECF       R0+1, 1
;__Lib_CString.c,121 :: 		
L_end_strcmp:
0x0146	0x0008      	RETURN
; end of _strcmp
_get_password:
;keypad.c,20 :: 		char get_password()
;keypad.c,22 :: 		Loop:
___get_password_Loop:
;keypad.c,23 :: 		Lcd_Cmd(_LCD_CLEAR);
0x0147	0x3001      	MOVLW      1
0x0148	0x1283      	BCF        STATUS, 5
0x0149	0x1303      	BCF        STATUS, 6
0x014A	0x00D6      	MOVWF      FARG_Lcd_Cmd_out_char
0x014B	0x201A      	CALL       _Lcd_Cmd
;keypad.c,24 :: 		Lcd_Out(1, 1, "Enter Password :");
0x014C	0x3001      	MOVLW      1
0x014D	0x00CD      	MOVWF      FARG_Lcd_Out_row
0x014E	0x3001      	MOVLW      1
0x014F	0x00CE      	MOVWF      FARG_Lcd_Out_column
0x0150	0x302E      	MOVLW      ?lstr1_keypad
0x0151	0x00CF      	MOVWF      FARG_Lcd_Out_text
0x0152	0x20B2      	CALL       _Lcd_Out
;keypad.c,27 :: 		for(i=0;i<3;i++)
0x0153	0x01C6      	CLRF       _i
0x0154	0x01C7      	CLRF       _i+1
L_get_password0:
0x0155	0x3080      	MOVLW      128
0x0156	0x0647      	XORWF      _i+1, 0
0x0157	0x00F0      	MOVWF      R0
0x0158	0x3080      	MOVLW      128
0x0159	0x0270      	SUBWF      R0, 0
0x015A	0x1D03      	BTFSS      STATUS, 2
0x015B	0x295E      	GOTO       L__get_password21
0x015C	0x3003      	MOVLW      3
0x015D	0x0246      	SUBWF      _i, 0
L__get_password21:
0x015E	0x1803      	BTFSC      STATUS, 0
0x015F	0x29EA      	GOTO       L_get_password1
;keypad.c,29 :: 		while (password[i] == 0)
L_get_password3:
0x0160	0x0846      	MOVF       _i, 0
0x0161	0x3E48      	ADDLW      _password
0x0162	0x0084      	MOVWF      FSR
0x0163	0x0800      	MOVF       INDF, 0
0x0164	0x3A00      	XORLW      0
0x0165	0x1D03      	BTFSS      STATUS, 2
0x0166	0x2970      	GOTO       L_get_password4
;keypad.c,31 :: 		password[i] = Keypad_Key_Click();
0x0167	0x0846      	MOVF       _i, 0
0x0168	0x3E48      	ADDLW      _password
0x0169	0x00CC      	MOVWF      FLOC__get_password
0x016A	0x20A5      	CALL       _Keypad_Key_Click
0x016B	0x084C      	MOVF       FLOC__get_password, 0
0x016C	0x0084      	MOVWF      FSR
0x016D	0x0870      	MOVF       R0, 0
0x016E	0x0080      	MOVWF      INDF
;keypad.c,32 :: 		}
0x016F	0x2960      	GOTO       L_get_password3
L_get_password4:
;keypad.c,34 :: 		if(password[i]==1)     password[i]  = '7';
0x0170	0x0846      	MOVF       _i, 0
0x0171	0x3E48      	ADDLW      _password
0x0172	0x0084      	MOVWF      FSR
0x0173	0x0800      	MOVF       INDF, 0
0x0174	0x3A01      	XORLW      1
0x0175	0x1D03      	BTFSS      STATUS, 2
0x0176	0x297C      	GOTO       L_get_password5
0x0177	0x0846      	MOVF       _i, 0
0x0178	0x3E48      	ADDLW      _password
0x0179	0x0084      	MOVWF      FSR
0x017A	0x3037      	MOVLW      55
0x017B	0x0080      	MOVWF      INDF
L_get_password5:
;keypad.c,35 :: 		if(password[i]==2)     password[i]  = '8';
0x017C	0x0846      	MOVF       _i, 0
0x017D	0x3E48      	ADDLW      _password
0x017E	0x0084      	MOVWF      FSR
0x017F	0x0800      	MOVF       INDF, 0
0x0180	0x3A02      	XORLW      2
0x0181	0x1D03      	BTFSS      STATUS, 2
0x0182	0x2988      	GOTO       L_get_password6
0x0183	0x0846      	MOVF       _i, 0
0x0184	0x3E48      	ADDLW      _password
0x0185	0x0084      	MOVWF      FSR
0x0186	0x3038      	MOVLW      56
0x0187	0x0080      	MOVWF      INDF
L_get_password6:
;keypad.c,36 :: 		if(password[i]==3)     password[i]  = '9';
0x0188	0x0846      	MOVF       _i, 0
0x0189	0x3E48      	ADDLW      _password
0x018A	0x0084      	MOVWF      FSR
0x018B	0x0800      	MOVF       INDF, 0
0x018C	0x3A03      	XORLW      3
0x018D	0x1D03      	BTFSS      STATUS, 2
0x018E	0x2994      	GOTO       L_get_password7
0x018F	0x0846      	MOVF       _i, 0
0x0190	0x3E48      	ADDLW      _password
0x0191	0x0084      	MOVWF      FSR
0x0192	0x3039      	MOVLW      57
0x0193	0x0080      	MOVWF      INDF
L_get_password7:
;keypad.c,37 :: 		if(password[i]==5)     password[i]  = '4';
0x0194	0x0846      	MOVF       _i, 0
0x0195	0x3E48      	ADDLW      _password
0x0196	0x0084      	MOVWF      FSR
0x0197	0x0800      	MOVF       INDF, 0
0x0198	0x3A05      	XORLW      5
0x0199	0x1D03      	BTFSS      STATUS, 2
0x019A	0x29A0      	GOTO       L_get_password8
0x019B	0x0846      	MOVF       _i, 0
0x019C	0x3E48      	ADDLW      _password
0x019D	0x0084      	MOVWF      FSR
0x019E	0x3034      	MOVLW      52
0x019F	0x0080      	MOVWF      INDF
L_get_password8:
;keypad.c,38 :: 		if(password[i]==6)     password[i]  = '5';
0x01A0	0x0846      	MOVF       _i, 0
0x01A1	0x3E48      	ADDLW      _password
0x01A2	0x0084      	MOVWF      FSR
0x01A3	0x0800      	MOVF       INDF, 0
0x01A4	0x3A06      	XORLW      6
0x01A5	0x1D03      	BTFSS      STATUS, 2
0x01A6	0x29AC      	GOTO       L_get_password9
0x01A7	0x0846      	MOVF       _i, 0
0x01A8	0x3E48      	ADDLW      _password
0x01A9	0x0084      	MOVWF      FSR
0x01AA	0x3035      	MOVLW      53
0x01AB	0x0080      	MOVWF      INDF
L_get_password9:
;keypad.c,39 :: 		if(password[i]==7)     password[i]  = '6';
0x01AC	0x0846      	MOVF       _i, 0
0x01AD	0x3E48      	ADDLW      _password
0x01AE	0x0084      	MOVWF      FSR
0x01AF	0x0800      	MOVF       INDF, 0
0x01B0	0x3A07      	XORLW      7
0x01B1	0x1D03      	BTFSS      STATUS, 2
0x01B2	0x29B8      	GOTO       L_get_password10
0x01B3	0x0846      	MOVF       _i, 0
0x01B4	0x3E48      	ADDLW      _password
0x01B5	0x0084      	MOVWF      FSR
0x01B6	0x3036      	MOVLW      54
0x01B7	0x0080      	MOVWF      INDF
L_get_password10:
;keypad.c,40 :: 		if(password[i]==9)     password[i]  = '1';
0x01B8	0x0846      	MOVF       _i, 0
0x01B9	0x3E48      	ADDLW      _password
0x01BA	0x0084      	MOVWF      FSR
0x01BB	0x0800      	MOVF       INDF, 0
0x01BC	0x3A09      	XORLW      9
0x01BD	0x1D03      	BTFSS      STATUS, 2
0x01BE	0x29C4      	GOTO       L_get_password11
0x01BF	0x0846      	MOVF       _i, 0
0x01C0	0x3E48      	ADDLW      _password
0x01C1	0x0084      	MOVWF      FSR
0x01C2	0x3031      	MOVLW      49
0x01C3	0x0080      	MOVWF      INDF
L_get_password11:
;keypad.c,41 :: 		if(password[i]==10)    password[i]  = '2';
0x01C4	0x0846      	MOVF       _i, 0
0x01C5	0x3E48      	ADDLW      _password
0x01C6	0x0084      	MOVWF      FSR
0x01C7	0x0800      	MOVF       INDF, 0
0x01C8	0x3A0A      	XORLW      10
0x01C9	0x1D03      	BTFSS      STATUS, 2
0x01CA	0x29D0      	GOTO       L_get_password12
0x01CB	0x0846      	MOVF       _i, 0
0x01CC	0x3E48      	ADDLW      _password
0x01CD	0x0084      	MOVWF      FSR
0x01CE	0x3032      	MOVLW      50
0x01CF	0x0080      	MOVWF      INDF
L_get_password12:
;keypad.c,42 :: 		if(password[i]==11)    password[i]  = '3';
0x01D0	0x0846      	MOVF       _i, 0
0x01D1	0x3E48      	ADDLW      _password
0x01D2	0x0084      	MOVWF      FSR
0x01D3	0x0800      	MOVF       INDF, 0
0x01D4	0x3A0B      	XORLW      11
0x01D5	0x1D03      	BTFSS      STATUS, 2
0x01D6	0x29DC      	GOTO       L_get_password13
0x01D7	0x0846      	MOVF       _i, 0
0x01D8	0x3E48      	ADDLW      _password
0x01D9	0x0084      	MOVWF      FSR
0x01DA	0x3033      	MOVLW      51
0x01DB	0x0080      	MOVWF      INDF
L_get_password13:
;keypad.c,43 :: 		Lcd_Chr(2, i+1, password[i]);
0x01DC	0x3002      	MOVLW      2
0x01DD	0x00CD      	MOVWF      FARG_Lcd_Chr_row
0x01DE	0x0A46      	INCF       _i, 0
0x01DF	0x00CE      	MOVWF      FARG_Lcd_Chr_column
0x01E0	0x0846      	MOVF       _i, 0
0x01E1	0x3E48      	ADDLW      _password
0x01E2	0x0084      	MOVWF      FSR
0x01E3	0x0800      	MOVF       INDF, 0
0x01E4	0x00CF      	MOVWF      FARG_Lcd_Chr_out_char
0x01E5	0x20F2      	CALL       _Lcd_Chr
;keypad.c,27 :: 		for(i=0;i<3;i++)
0x01E6	0x0AC6      	INCF       _i, 1
0x01E7	0x1903      	BTFSC      STATUS, 2
0x01E8	0x0AC7      	INCF       _i+1, 1
;keypad.c,44 :: 		}
0x01E9	0x2955      	GOTO       L_get_password0
L_get_password1:
;keypad.c,45 :: 		if(strcmp(password,"123") == 0) {return 1;}
0x01EA	0x3048      	MOVLW      _password
0x01EB	0x00CD      	MOVWF      FARG_strcmp_s1
0x01EC	0x303F      	MOVLW      ?lstr2_keypad
0x01ED	0x00CE      	MOVWF      FARG_strcmp_s2
0x01EE	0x2127      	CALL       _strcmp
0x01EF	0x3000      	MOVLW      0
0x01F0	0x0671      	XORWF      R0+1, 0
0x01F1	0x1D03      	BTFSS      STATUS, 2
0x01F2	0x29F5      	GOTO       L__get_password22
0x01F3	0x3000      	MOVLW      0
0x01F4	0x0670      	XORWF      R0, 0
L__get_password22:
0x01F5	0x1D03      	BTFSS      STATUS, 2
0x01F6	0x29FA      	GOTO       L_get_password14
0x01F7	0x3001      	MOVLW      1
0x01F8	0x00F0      	MOVWF      R0
0x01F9	0x29FF      	GOTO       L_end_get_password
L_get_password14:
;keypad.c,48 :: 		password[0] = 0;
0x01FA	0x01C8      	CLRF       _password
;keypad.c,49 :: 		password[1] = 0;
0x01FB	0x01C9      	CLRF       _password+1
;keypad.c,50 :: 		password[2] = 0;
0x01FC	0x01CA      	CLRF       _password+2
;keypad.c,51 :: 		password[3] = 0;
0x01FD	0x01CB      	CLRF       _password+3
;keypad.c,52 :: 		goto loop ;
0x01FE	0x2947      	GOTO       ___get_password_Loop
;keypad.c,55 :: 		}
L_end_get_password:
0x01FF	0x0008      	RETURN
; end of _get_password
_Keypad_Init:
;__Lib_Keypad4x4.c,34 :: 		
;__Lib_Keypad4x4.c,35 :: 		
0x0200	0x3080      	MOVLW      128
0x0201	0x1283      	BCF        STATUS, 5
0x0202	0x1303      	BCF        STATUS, 6
0x0203	0x00F0      	MOVWF      R0
0x0204	0x0870      	MOVF       R0, 0
0x0205	0x3E06      	ADDLW      keypadPort
0x0206	0x0084      	MOVWF      FSR
0x0207	0x30FF      	MOVLW      255
0x0208	0x0080      	MOVWF      INDF
;__Lib_Keypad4x4.c,36 :: 		
L_end_Keypad_Init:
0x0209	0x0008      	RETURN
; end of _Keypad_Init
___CC2DW:
;__Lib_System.c,134 :: 		
;__Lib_System.c,137 :: 		
_CC2D_Loop1:
;__Lib_System.c,139 :: 		
0x020A	0x209E      	CALL       _____DoICP
0x020B	0x118A      	BCF        PCLATH, 3
0x020C	0x120A      	BCF        PCLATH, 4
;__Lib_System.c,141 :: 		
0x020D	0x0080      	MOVWF      INDF
;__Lib_System.c,142 :: 		
0x020E	0x0A84      	INCF       FSR, 1
;__Lib_System.c,143 :: 		
0x020F	0x0AC3      	INCF       ___DoICPAddr, 1
;__Lib_System.c,145 :: 		
0x0210	0x1903      	BTFSC      STATUS, 2
;__Lib_System.c,146 :: 		
0x0211	0x0AC4      	INCF       ___DoICPAddr+1, 1
;__Lib_System.c,147 :: 		
0x0212	0x03F0      	DECF       R0, 1
;__Lib_System.c,149 :: 		
0x0213	0x1D03      	BTFSS      STATUS, 2
;__Lib_System.c,150 :: 		
0x0214	0x2A0A      	GOTO       _CC2D_Loop1
;__Lib_System.c,152 :: 		
L_end___CC2DW:
0x0215	0x0008      	RETURN
; end of ___CC2DW
_Lcd_Init:
;__Lib_Lcd.c,84 :: 		
;__Lib_Lcd.c,86 :: 		
0x0216	0x1683      	BSF        STATUS, 5
0x0217	0x1303      	BCF        STATUS, 6
0x0218	0x1188      	BCF        LCD_EN_Direction, BitPos(LCD_EN_Direction+0)
;__Lib_Lcd.c,87 :: 		
0x0219	0x1108      	BCF        LCD_RS_Direction, BitPos(LCD_RS_Direction+0)
;__Lib_Lcd.c,88 :: 		
0x021A	0x1208      	BCF        LCD_D4_Direction, BitPos(LCD_D4_Direction+0)
;__Lib_Lcd.c,89 :: 		
0x021B	0x1288      	BCF        LCD_D5_Direction, BitPos(LCD_D5_Direction+0)
;__Lib_Lcd.c,90 :: 		
0x021C	0x1308      	BCF        LCD_D6_Direction, BitPos(LCD_D6_Direction+0)
;__Lib_Lcd.c,91 :: 		
0x021D	0x1388      	BCF        LCD_D7_Direction, BitPos(LCD_D7_Direction+0)
;__Lib_Lcd.c,93 :: 		
0x021E	0x1283      	BCF        STATUS, 5
0x021F	0x1188      	BCF        LCD_EN, BitPos(LCD_EN+0)
;__Lib_Lcd.c,94 :: 		
0x0220	0x1108      	BCF        LCD_RS, BitPos(LCD_RS+0)
;__Lib_Lcd.c,95 :: 		
0x0221	0x1388      	BCF        LCD_D7, BitPos(LCD_D7+0)
;__Lib_Lcd.c,96 :: 		
0x0222	0x1308      	BCF        LCD_D6, BitPos(LCD_D6+0)
;__Lib_Lcd.c,97 :: 		
0x0223	0x1288      	BCF        LCD_D5, BitPos(LCD_D5+0)
;__Lib_Lcd.c,98 :: 		
0x0224	0x1208      	BCF        LCD_D4, BitPos(LCD_D4+0)
;__Lib_Lcd.c,100 :: 		
0x0225	0x200D      	CALL       _Delay_5500us
;__Lib_Lcd.c,101 :: 		
0x0226	0x200D      	CALL       _Delay_5500us
;__Lib_Lcd.c,102 :: 		
0x0227	0x200D      	CALL       _Delay_5500us
;__Lib_Lcd.c,105 :: 		
0x0228	0x1688      	BSF        LCD_D5, BitPos(LCD_D5+0)
;__Lib_Lcd.c,106 :: 		
0x0229	0x1608      	BSF        LCD_D4, BitPos(LCD_D4+0)
;__Lib_Lcd.c,107 :: 		
0x022A	0x1588      	BSF        LCD_EN, BitPos(LCD_EN+0)
;__Lib_Lcd.c,108 :: 		
0x022B	0x2003      	CALL       _Delay_1us
;__Lib_Lcd.c,109 :: 		
0x022C	0x1188      	BCF        LCD_EN, BitPos(LCD_EN+0)
;__Lib_Lcd.c,110 :: 		
0x022D	0x200D      	CALL       _Delay_5500us
;__Lib_Lcd.c,112 :: 		
0x022E	0x1588      	BSF        LCD_EN, BitPos(LCD_EN+0)
;__Lib_Lcd.c,113 :: 		
0x022F	0x2003      	CALL       _Delay_1us
;__Lib_Lcd.c,114 :: 		
0x0230	0x1188      	BCF        LCD_EN, BitPos(LCD_EN+0)
;__Lib_Lcd.c,115 :: 		
0x0231	0x200D      	CALL       _Delay_5500us
;__Lib_Lcd.c,117 :: 		
0x0232	0x1588      	BSF        LCD_EN, BitPos(LCD_EN+0)
;__Lib_Lcd.c,118 :: 		
0x0233	0x2003      	CALL       _Delay_1us
;__Lib_Lcd.c,119 :: 		
0x0234	0x1188      	BCF        LCD_EN, BitPos(LCD_EN+0)
;__Lib_Lcd.c,120 :: 		
0x0235	0x200D      	CALL       _Delay_5500us
;__Lib_Lcd.c,123 :: 		
0x0236	0x1208      	BCF        LCD_D4, BitPos(LCD_D4+0)
;__Lib_Lcd.c,124 :: 		
0x0237	0x1588      	BSF        LCD_EN, BitPos(LCD_EN+0)
;__Lib_Lcd.c,125 :: 		
0x0238	0x2003      	CALL       _Delay_1us
;__Lib_Lcd.c,126 :: 		
0x0239	0x1188      	BCF        LCD_EN, BitPos(LCD_EN+0)
;__Lib_Lcd.c,127 :: 		
0x023A	0x200D      	CALL       _Delay_5500us
;__Lib_Lcd.c,130 :: 		
0x023B	0x1588      	BSF        LCD_EN, BitPos(LCD_EN+0)
;__Lib_Lcd.c,131 :: 		
0x023C	0x2003      	CALL       _Delay_1us
;__Lib_Lcd.c,132 :: 		
0x023D	0x1188      	BCF        LCD_EN, BitPos(LCD_EN+0)
;__Lib_Lcd.c,134 :: 		
0x023E	0x1288      	BCF        LCD_D5, BitPos(LCD_D5+0)
;__Lib_Lcd.c,135 :: 		
0x023F	0x1788      	BSF        LCD_D7, BitPos(LCD_D7+0)
;__Lib_Lcd.c,136 :: 		
0x0240	0x1588      	BSF        LCD_EN, BitPos(LCD_EN+0)
;__Lib_Lcd.c,137 :: 		
0x0241	0x2003      	CALL       _Delay_1us
;__Lib_Lcd.c,138 :: 		
0x0242	0x1188      	BCF        LCD_EN, BitPos(LCD_EN+0)
;__Lib_Lcd.c,139 :: 		
0x0243	0x200D      	CALL       _Delay_5500us
;__Lib_Lcd.c,142 :: 		
0x0244	0x1388      	BCF        LCD_D7, BitPos(LCD_D7+0)
;__Lib_Lcd.c,143 :: 		
0x0245	0x1608      	BSF        LCD_D4, BitPos(LCD_D4+0)
;__Lib_Lcd.c,144 :: 		
0x0246	0x1588      	BSF        LCD_EN, BitPos(LCD_EN+0)
;__Lib_Lcd.c,145 :: 		
0x0247	0x2003      	CALL       _Delay_1us
;__Lib_Lcd.c,146 :: 		
0x0248	0x1188      	BCF        LCD_EN, BitPos(LCD_EN+0)
;__Lib_Lcd.c,148 :: 		
0x0249	0x1208      	BCF        LCD_D4, BitPos(LCD_D4+0)
;__Lib_Lcd.c,149 :: 		
0x024A	0x1588      	BSF        LCD_EN, BitPos(LCD_EN+0)
;__Lib_Lcd.c,150 :: 		
0x024B	0x2003      	CALL       _Delay_1us
;__Lib_Lcd.c,151 :: 		
0x024C	0x1188      	BCF        LCD_EN, BitPos(LCD_EN+0)
;__Lib_Lcd.c,152 :: 		
0x024D	0x200D      	CALL       _Delay_5500us
;__Lib_Lcd.c,155 :: 		
0x024E	0x1588      	BSF        LCD_EN, BitPos(LCD_EN+0)
;__Lib_Lcd.c,156 :: 		
0x024F	0x2003      	CALL       _Delay_1us
;__Lib_Lcd.c,157 :: 		
0x0250	0x1188      	BCF        LCD_EN, BitPos(LCD_EN+0)
;__Lib_Lcd.c,159 :: 		
0x0251	0x1608      	BSF        LCD_D4, BitPos(LCD_D4+0)
;__Lib_Lcd.c,160 :: 		
0x0252	0x1588      	BSF        LCD_EN, BitPos(LCD_EN+0)
;__Lib_Lcd.c,161 :: 		
0x0253	0x2003      	CALL       _Delay_1us
;__Lib_Lcd.c,162 :: 		
0x0254	0x1188      	BCF        LCD_EN, BitPos(LCD_EN+0)
;__Lib_Lcd.c,163 :: 		
0x0255	0x200D      	CALL       _Delay_5500us
;__Lib_Lcd.c,166 :: 		
0x0256	0x1208      	BCF        LCD_D4, BitPos(LCD_D4+0)
;__Lib_Lcd.c,167 :: 		
0x0257	0x1588      	BSF        LCD_EN, BitPos(LCD_EN+0)
;__Lib_Lcd.c,168 :: 		
0x0258	0x2003      	CALL       _Delay_1us
;__Lib_Lcd.c,169 :: 		
0x0259	0x1188      	BCF        LCD_EN, BitPos(LCD_EN+0)
;__Lib_Lcd.c,171 :: 		
0x025A	0x1788      	BSF        LCD_D7, BitPos(LCD_D7+0)
;__Lib_Lcd.c,172 :: 		
0x025B	0x1708      	BSF        LCD_D6, BitPos(LCD_D6+0)
;__Lib_Lcd.c,173 :: 		
0x025C	0x1688      	BSF        LCD_D5, BitPos(LCD_D5+0)
;__Lib_Lcd.c,174 :: 		
0x025D	0x1608      	BSF        LCD_D4, BitPos(LCD_D4+0)
;__Lib_Lcd.c,175 :: 		
0x025E	0x1588      	BSF        LCD_EN, BitPos(LCD_EN+0)
;__Lib_Lcd.c,176 :: 		
0x025F	0x2003      	CALL       _Delay_1us
;__Lib_Lcd.c,177 :: 		
0x0260	0x1188      	BCF        LCD_EN, BitPos(LCD_EN+0)
;__Lib_Lcd.c,179 :: 		
0x0261	0x200D      	CALL       _Delay_5500us
;__Lib_Lcd.c,181 :: 		
0x0262	0x1445      	BSF        __Lib_Lcd_cmd_status, BitPos(__Lib_Lcd_cmd_status+0)
;__Lib_Lcd.c,182 :: 		
L_end_Lcd_Init:
0x0263	0x0008      	RETURN
; end of _Lcd_Init
_main:
0x0264	0x22C2      	CALL       706
;keypad.c,57 :: 		void main()
;keypad.c,59 :: 		trisc.b0=0;    portc.b0=0;
0x0265	0x1683      	BSF        STATUS, 5
0x0266	0x1303      	BCF        STATUS, 6
0x0267	0x1007      	BCF        TRISC, 0
0x0268	0x1283      	BCF        STATUS, 5
0x0269	0x1007      	BCF        PORTC, 0
;keypad.c,60 :: 		Lcd_Init();    keypad_Init();
0x026A	0x2216      	CALL       _Lcd_Init
0x026B	0x2200      	CALL       _Keypad_Init
;keypad.c,61 :: 		Lcd_Cmd(_LCD_CURSOR_OFF);
0x026C	0x300C      	MOVLW      12
0x026D	0x00D6      	MOVWF      FARG_Lcd_Cmd_out_char
0x026E	0x201A      	CALL       _Lcd_Cmd
;keypad.c,63 :: 		get_password();
0x026F	0x2147      	CALL       _get_password
;keypad.c,64 :: 		Lcd_Cmd(_LCD_CLEAR);
0x0270	0x3001      	MOVLW      1
0x0271	0x00D6      	MOVWF      FARG_Lcd_Cmd_out_char
0x0272	0x201A      	CALL       _Lcd_Cmd
;keypad.c,65 :: 		Lcd_Out(1,2 , "OPEN THE DOOR");
0x0273	0x3001      	MOVLW      1
0x0274	0x00CD      	MOVWF      FARG_Lcd_Out_row
0x0275	0x3002      	MOVLW      2
0x0276	0x00CE      	MOVWF      FARG_Lcd_Out_column
0x0277	0x3020      	MOVLW      ?lstr3_keypad
0x0278	0x00CF      	MOVWF      FARG_Lcd_Out_text
0x0279	0x20B2      	CALL       _Lcd_Out
;keypad.c,66 :: 		while(1)
L_main16:
;keypad.c,69 :: 		portc.b0 = 0 ;
0x027A	0x1007      	BCF        PORTC, 0
;keypad.c,70 :: 		delay_ms(1000);
0x027B	0x300B      	MOVLW      11
0x027C	0x00FB      	MOVWF      R11
0x027D	0x3026      	MOVLW      38
0x027E	0x00FC      	MOVWF      R12
0x027F	0x305D      	MOVLW      93
0x0280	0x00FD      	MOVWF      R13
L_main18:
0x0281	0x0BFD      	DECFSZ     R13, 1
0x0282	0x2A81      	GOTO       L_main18
0x0283	0x0BFC      	DECFSZ     R12, 1
0x0284	0x2A81      	GOTO       L_main18
0x0285	0x0BFB      	DECFSZ     R11, 1
0x0286	0x2A81      	GOTO       L_main18
0x0287	0x0000      	NOP
0x0288	0x0000      	NOP
;keypad.c,71 :: 		portc.b0 = 1;
0x0289	0x1407      	BSF        PORTC, 0
;keypad.c,72 :: 		delay_ms(1000);
0x028A	0x300B      	MOVLW      11
0x028B	0x00FB      	MOVWF      R11
0x028C	0x3026      	MOVLW      38
0x028D	0x00FC      	MOVWF      R12
0x028E	0x305D      	MOVLW      93
0x028F	0x00FD      	MOVWF      R13
L_main19:
0x0290	0x0BFD      	DECFSZ     R13, 1
0x0291	0x2A90      	GOTO       L_main19
0x0292	0x0BFC      	DECFSZ     R12, 1
0x0293	0x2A90      	GOTO       L_main19
0x0294	0x0BFB      	DECFSZ     R11, 1
0x0295	0x2A90      	GOTO       L_main19
0x0296	0x0000      	NOP
0x0297	0x0000      	NOP
;keypad.c,73 :: 		}
0x0298	0x2A7A      	GOTO       L_main16
;keypad.c,74 :: 		}
L_end_main:
0x0299	0x2A99      	GOTO       $+0
; end of _main
0x02C2	0x3020      	MOVLW      32
0x02C3	0x0084      	MOVWF      FSR
0x02C4	0x3023      	MOVLW      35
0x02C5	0x1283      	BCF        STATUS, 5
0x02C6	0x1303      	BCF        STATUS, 6
0x02C7	0x00F0      	MOVWF      R0
0x02C8	0x309F      	MOVLW      159
0x02C9	0x00C3      	MOVWF      ___DoICPAddr
0x02CA	0x3002      	MOVLW      2
0x02CB	0x00C4      	MOVWF      68
0x02CC	0x220A      	CALL       522
0x02CD	0x0008      	RETURN
;keypad.c,0 :: ?ICS?lstr3_keypad
0x029F	0x344F ;?ICS?lstr3_keypad+0
0x02A0	0x3450 ;?ICS?lstr3_keypad+1
0x02A1	0x3445 ;?ICS?lstr3_keypad+2
0x02A2	0x344E ;?ICS?lstr3_keypad+3
0x02A3	0x3420 ;?ICS?lstr3_keypad+4
0x02A4	0x3454 ;?ICS?lstr3_keypad+5
0x02A5	0x3448 ;?ICS?lstr3_keypad+6
0x02A6	0x3445 ;?ICS?lstr3_keypad+7
0x02A7	0x3420 ;?ICS?lstr3_keypad+8
0x02A8	0x3444 ;?ICS?lstr3_keypad+9
0x02A9	0x344F ;?ICS?lstr3_keypad+10
0x02AA	0x344F ;?ICS?lstr3_keypad+11
0x02AB	0x3452 ;?ICS?lstr3_keypad+12
0x02AC	0x3400 ;?ICS?lstr3_keypad+13
; end of ?ICS?lstr3_keypad
;keypad.c,0 :: ?ICS?lstr1_keypad
0x02AD	0x3445 ;?ICS?lstr1_keypad+0
0x02AE	0x346E ;?ICS?lstr1_keypad+1
0x02AF	0x3474 ;?ICS?lstr1_keypad+2
0x02B0	0x3465 ;?ICS?lstr1_keypad+3
0x02B1	0x3472 ;?ICS?lstr1_keypad+4
0x02B2	0x3420 ;?ICS?lstr1_keypad+5
0x02B3	0x3450 ;?ICS?lstr1_keypad+6
0x02B4	0x3461 ;?ICS?lstr1_keypad+7
0x02B5	0x3473 ;?ICS?lstr1_keypad+8
0x02B6	0x3473 ;?ICS?lstr1_keypad+9
0x02B7	0x3477 ;?ICS?lstr1_keypad+10
0x02B8	0x346F ;?ICS?lstr1_keypad+11
0x02B9	0x3472 ;?ICS?lstr1_keypad+12
0x02BA	0x3464 ;?ICS?lstr1_keypad+13
0x02BB	0x3420 ;?ICS?lstr1_keypad+14
0x02BC	0x343A ;?ICS?lstr1_keypad+15
0x02BD	0x3400 ;?ICS?lstr1_keypad+16
; end of ?ICS?lstr1_keypad
;keypad.c,0 :: ?ICS?lstr2_keypad
0x02BE	0x3431 ;?ICS?lstr2_keypad+0
0x02BF	0x3432 ;?ICS?lstr2_keypad+1
0x02C0	0x3433 ;?ICS?lstr2_keypad+2
0x02C1	0x3400 ;?ICS?lstr2_keypad+3
; end of ?ICS?lstr2_keypad
Symbol List:
//** Routines locations **
//ADDRESS    SIZE    PROCEDURE
//----------------------------------------------
0x0003       [3]    _Delay_1us
0x0006       [7]    _Delay_50us
0x000D      [13]    _Delay_5500us
0x001A      [64]    _Lcd_Cmd
0x005A      [52]    _Keypad_Key_Press
0x008E       [8]    _Lcd_Chr_CP
0x0096       [8]    _Delay_10us
0x009E       [7]    _____DoICP
0x00A5      [13]    _Keypad_Key_Click
0x00B2      [64]    _Lcd_Out
0x00F2      [53]    _Lcd_Chr
0x0127      [32]    _strcmp
0x0147     [185]    _get_password
0x0200      [10]    _Keypad_Init
0x020A      [12]    ___CC2DW
0x0216      [78]    _Lcd_Init
0x0264      [53]    _main
//** Variables locations ** 
//ADDRESS    SIZE    VARIABLE
//----------------------------------------------
0x0000       [1]    INDF
0x0002       [1]    PCL
0x0003       [1]    STATUS
0x0004       [1]    FSR
0x0006       [1]    PORTB
0x0006       [1]    keypadPort
0x0007       [1]    PORTC
0x0008       [0]    RD7_bit
0x0008       [0]    RD6_bit
0x0008       [0]    LCD_EN
0x0008       [0]    LCD_RS
0x0008       [0]    RD2_bit
0x0008       [0]    RD4_bit
0x0008       [0]    RD5_bit
0x0008       [0]    LCD_D6
0x0008       [0]    LCD_D4
0x0008       [0]    LCD_D5
0x0008       [0]    LCD_D7
0x0008       [0]    RD3_bit
0x000A       [1]    PCLATH
0x0020      [14]    ?lstr3_keypad
0x002E      [17]    ?lstr1_keypad
0x003F       [4]    ?lstr2_keypad
0x0043       [2]    ___DoICPAddr
0x0045       [0]    __Lib_Lcd_cmd_status
0x0046       [2]    _i
0x0048       [4]    _password
0x004C       [1]    FLOC__get_password
0x004D       [1]    FARG_strcmp_s1
0x004D       [1]    Keypad_Key_Click_rslt_L0
0x004D       [1]    FARG_Lcd_Chr_row
0x004D       [1]    FARG_Lcd_Out_row
0x004E       [1]    FARG_strcmp_s2
0x004E       [1]    FARG_Lcd_Out_column
0x004E       [1]    FARG_Lcd_Chr_column
0x004F       [1]    FARG_Lcd_Chr_out_char
0x004F       [1]    FARG_Lcd_Out_text
0x0050       [1]    Lcd_Out_i_L0
0x0051       [1]    Keypad_Key_Press_rslt_L0
0x0051       [1]    FARG_Lcd_Chr_CP_out_char
0x0052       [1]    Keypad_Key_Press_kdata_L0
0x0053       [1]    Keypad_Key_Press_loc_L0
0x0054       [1]    Keypad_Key_Press_rowcnt_L0
0x0055       [1]    Keypad_Key_Press_shifter_L0
0x0056       [1]    FARG_Lcd_Cmd_out_char
0x0070       [1]    R0
0x0071       [1]    R1
0x0072       [1]    R2
0x0073       [1]    R3
0x0074       [1]    R4
0x0075       [1]    R5
0x0076       [1]    R6
0x0077       [1]    R7
0x0078       [1]    R8
0x0079       [1]    R9
0x007A       [1]    R10
0x007B       [1]    R11
0x007C       [1]    R12
0x007D       [1]    R13
0x007E       [1]    R14
0x007F       [1]    R15
0x0087       [1]    TRISC
0x0088       [0]    TRISD3_bit
0x0088       [0]    TRISD2_bit
0x0088       [0]    TRISD4_bit
0x0088       [0]    TRISD7_bit
0x0088       [0]    TRISD6_bit
0x0088       [0]    TRISD5_bit
0x0088       [0]    LCD_EN_Direction
0x0088       [0]    LCD_RS_Direction
0x0088       [0]    LCD_D4_Direction
0x0088       [0]    LCD_D7_Direction
0x0088       [0]    LCD_D6_Direction
0x0088       [0]    LCD_D5_Direction
//** Constants locations ** 
//ADDRESS    SIZE    CONSTANT
//----------------------------------------------
0x029F      [14]    ?ICS?lstr3_keypad
0x02AD      [17]    ?ICS?lstr1_keypad
0x02BE       [4]    ?ICS?lstr2_keypad
